#
# A fatal error has been detected by the Java Runtime Environment:
#
#  EXCEPTION_ACCESS_VIOLATION (0xc0000005) at pc=0x00007ffa2b39f8b6, pid=8848, tid=12136
#
# JRE version: OpenJDK Runtime Environment (17.0.1+12) (build 17.0.1+12-39)
# Java VM: OpenJDK 64-Bit Server VM (17.0.1+12-39, mixed mode, sharing, tiered, compressed oops, compressed class ptrs, g1 gc, windows-amd64)
# Problematic frame:
# C  [msvcrt.dll+0x4f8b6]
#
# No core dump will be written. Minidumps are not enabled by default on client versions of Windows
#
# If you would like to submit a bug report, please visit:
#   https://bugreport.java.com/bugreport/crash.jsp
# The crash happened outside the Java Virtual Machine in native code.
# See problematic frame for where to report the bug.
#

---------------  S U M M A R Y ------------

Command Line: -javaagent:C:\Program Files\JetBrains\IntelliJ IDEA 2019.3.4\lib\idea_rt.jar=55749:C:\Program Files\JetBrains\IntelliJ IDEA 2019.3.4\bin -Dfile.encoding=UTF-8 --module-path=C:\Users\Lukas\.m2\repository\com\aparapi\aparapi\3.0.0\aparapi-3.0.0.jar;C:\Users\Lukas\.m2\repository\org\kordamp\bootstrapfx\bootstrapfx-core\0.4.0\bootstrapfx-core-0.4.0.jar;C:\Users\Lukas\IdeaProjects\KAO\target\classes;C:\Users\Lukas\.m2\repository\org\controlsfx\controlsfx\11.1.0\controlsfx-11.1.0.jar;C:\Users\Lukas\.m2\repository\org\openjfx\javafx-controls\17.0.1\javafx-controls-17.0.1-win.jar;C:\Users\Lukas\.m2\repository\org\openjfx\javafx-fxml\17.0.1\javafx-fxml-17.0.1-win.jar;C:\Users\Lukas\.m2\repository\org\openjfx\javafx-graphics\17.0.1\javafx-graphics-17.0.1-win.jar;C:\Users\Lukas\.m2\repository\com\dlsc\formsfx\formsfx-core\11.3.2\formsfx-core-11.3.2.jar;C:\Users\Lukas\.m2\repository\org\openjfx\javafx-base\17.0.1\javafx-base-17.0.1-win.jar -Djdk.module.main=kao.mandelbrot.kao kao.mandelbrot.kao/kao.gameOfLife.GameOfLife

Host: Intel(R) Core(TM) i7-8700K CPU @ 3.70GHz, 12 cores, 31G,  Windows 10 , 64 bit Build 19041 (10.0.19041.1348)
Time: Thu Dec 16 16:08:42 2021 Mitteleuropäische Zeit elapsed time: 4.579647 seconds (0d 0h 0m 4s)

---------------  T H R E A D  ---------------

Current thread (0x000001c2db86e140):  JavaThread "pool-2-thread-1" [_thread_in_native, id=12136, stack(0x00000096db300000,0x00000096db400000)]

Stack: [0x00000096db300000,0x00000096db400000],  sp=0x00000096db3fea40,  free space=1018k
Native frames: (J=compiled Java code, j=interpreted, Vv=VM code, C=native code)
C  [msvcrt.dll+0x4f8b6]
C  [msvcrt.dll+0x475cb]
C  [libaparapi.dll+0x7cf9]

Java frames: (J=compiled Java code, j=interpreted, Vv=VM code)
j  com.aparapi.internal.jni.KernelRunnerJNI.runKernelJNI(JLcom/aparapi/Range;ZILjava/nio/ByteBuffer;Ljava/nio/ByteBuffer;)I+0 aparapi@3.0.0
j  com.aparapi.internal.kernel.KernelRunner.executeOpenCL(Lcom/aparapi/device/Device;Lcom/aparapi/internal/kernel/KernelRunner$ExecutionSettings;)Lcom/aparapi/Kernel;+96 aparapi@3.0.0
j  com.aparapi.internal.kernel.KernelRunner.executeInternalInner(Lcom/aparapi/internal/kernel/KernelRunner$ExecutionSettings;Lcom/aparapi/device/Device;Z)Lcom/aparapi/Kernel;+3592 aparapi@3.0.0
j  com.aparapi.internal.kernel.KernelRunner.executeInternalOuter(Lcom/aparapi/internal/kernel/KernelRunner$ExecutionSettings;)Lcom/aparapi/Kernel;+4 aparapi@3.0.0
j  com.aparapi.internal.kernel.KernelRunner.execute(Ljava/lang/String;Lcom/aparapi/Range;I)Lcom/aparapi/Kernel;+78 aparapi@3.0.0
j  com.aparapi.Kernel.execute(Ljava/lang/String;Lcom/aparapi/Range;I)Lcom/aparapi/Kernel;+7 aparapi@3.0.0
j  com.aparapi.Kernel.execute(Lcom/aparapi/Range;I)Lcom/aparapi/Kernel;+5 aparapi@3.0.0
j  com.aparapi.Kernel.execute(Lcom/aparapi/Range;)Lcom/aparapi/Kernel;+3 aparapi@3.0.0
j  kao.gameOfLife.GameOfLife.lambda$setupAndRun$2(Lkao/gameOfLife/LifeKernel;Lcom/aparapi/Range;[ILjavafx/scene/image/PixelWriter;Ljavafx/scene/image/WritablePixelFormat;)V+10 kao.mandelbrot.kao
j  kao.gameOfLife.GameOfLife$$Lambda$160+0x0000000800cac8c0.run()V+24 kao.mandelbrot.kao
j  java.util.concurrent.Executors$RunnableAdapter.call()Ljava/lang/Object;+4 java.base@17.0.1
j  java.util.concurrent.FutureTask.runAndReset()Z+44 java.base@17.0.1
j  java.util.concurrent.ScheduledThreadPoolExecutor$ScheduledFutureTask.run()V+35 java.base@17.0.1
j  java.util.concurrent.ThreadPoolExecutor.runWorker(Ljava/util/concurrent/ThreadPoolExecutor$Worker;)V+92 java.base@17.0.1
j  java.util.concurrent.ThreadPoolExecutor$Worker.run()V+5 java.base@17.0.1
j  java.lang.Thread.run()V+11 java.base@17.0.1
v  ~StubRoutines::call_stub

siginfo: EXCEPTION_ACCESS_VIOLATION (0xc0000005), reading address 0x0000000000000001


Register to memory mapping:

RIP=0x00007ffa2b39f8b6 msvcrt.dll
RAX=0x0000000000000001 is an unknown value
RBX=0x0000000000000001 is an unknown value
RCX=0x000000007ffffffe is an unknown value
RDX=0x0000000000000073 is an unknown value
RSP=0x00000096db3fea40 is pointing into the stack for thread: 0x000001c2db86e140
RBP=0x00000096db3feb40 is pointing into the stack for thread: 0x000001c2db86e140
RSI=0x000000006451f1b7 libaparapi.dll
RDI=0x0000000000000073 is an unknown value
R8 =0xffffffffffffffff is an unknown value
R9 =0x0000000000000007 is an unknown value
R10=0x0 is NULL
R11=0x0000000000000200 is an unknown value
R12=0x00000000ffffffff is an unknown value
R13=0x00000096db3fedc0 is pointing into the stack for thread: 0x000001c2db86e140
R14=0x0000000000000061 is an unknown value
R15=0x0 is NULL


Registers:
RAX=0x0000000000000001, RBX=0x0000000000000001, RCX=0x000000007ffffffe, RDX=0x0000000000000073
RSP=0x00000096db3fea40, RBP=0x00000096db3feb40, RSI=0x000000006451f1b7, RDI=0x0000000000000073
R8 =0xffffffffffffffff, R9 =0x0000000000000007, R10=0x0000000000000000, R11=0x0000000000000200
R12=0x00000000ffffffff, R13=0x00000096db3fedc0, R14=0x0000000000000061, R15=0x0000000000000000
RIP=0x00007ffa2b39f8b6, EFLAGS=0x0000000000010202

Top of Stack: (sp=0x00000096db3fea40)
0x00000096db3fea40:   000001c2e0b61640 00000000ffffffaf
0x00000096db3fea50:   0000000000000051 0000000000000004
0x00000096db3fea60:   000001c2ab500000 00000096db3feb29
0x00000096db3fea70:   0000000000000002 00007ffa2c07b3c7
0x00000096db3fea80:   000001c200000061 0000005100000000
0x00000096db3fea90:   0000000000000000 0000000700000000
0x00000096db3feaa0:   0000000000000000 00007ffa2b3dfa60
0x00000096db3feab0:   0000e52a37b4f7ea 0000000000000000
0x00000096db3feac0:   000000006451f1b7 00000096db3fed10
0x00000096db3fead0:   00007ffa2b3df0a0 000001c2ab504340
0x00000096db3feae0:   000001c2e0b37860 000001c2e0b61601
0x00000096db3feaf0:   0000000064521fe0 00007ffa2c075ba1
0x00000096db3feb00:   00000022c0000027 0000000000000000
0x00000096db3feb10:   00007ffa29834f69 000001c200000004
0x00000096db3feb20:   000001c2e0b615d0 00000096db3feda0
0x00000096db3feb30:   0000000064507c42 0000000000000002 

Instructions: (pc=0x00007ffa2b39f8b6)
0x00007ffa2b39f7b6:   f7 c7 30 08 00 00 75 05 41 0f ba ef 0b 49 83 c5
0x00007ffa2b39f7c6:   08 41 f7 c7 10 08 00 00 74 27 45 0f b7 4d f8 48
0x00007ffa2b39f7d6:   8d 55 b0 4d 8b c3 48 8d 4c 24 4c e8 ba 64 fb ff
0x00007ffa2b39f7e6:   45 33 d2 85 c0 74 19 c7 44 24 58 01 00 00 00 eb
0x00007ffa2b39f7f6:   0f 41 8a 45 f8 88 45 b0 c7 44 24 4c 01 00 00 00
0x00007ffa2b39f806:   48 8d 5d b0 e9 4a 03 00 00 c7 44 24 64 01 00 00
0x00007ffa2b39f816:   00 40 80 c7 20 41 83 cf 40 48 8d 5d b0 45 8b f3
0x00007ffa2b39f826:   45 85 e4 0f 89 34 02 00 00 41 bc 06 00 00 00 e9
0x00007ffa2b39f836:   78 02 00 00 40 80 ff 67 7e db 40 80 ff 69 0f 84
0x00007ffa2b39f846:   fb 00 00 00 40 80 ff 6e 0f 84 bd 00 00 00 40 80
0x00007ffa2b39f856:   ff 6f 0f 84 a3 00 00 00 40 80 ff 70 74 69 40 80
0x00007ffa2b39f866:   ff 73 0f 84 01 ff ff ff 40 80 ff 75 0f 84 d1 00
0x00007ffa2b39f876:   00 00 40 80 ff 78 0f 85 d7 02 00 00 b8 27 00 00
0x00007ffa2b39f886:   00 eb 54 ff c9 66 44 39 10 74 08 48 83 c0 02 85
0x00007ffa2b39f896:   c9 75 f0 48 2b c3 48 d1 f8 eb 23 48 85 db 48 8d
0x00007ffa2b39f8a6:   05 71 c7 02 00 48 0f 45 c3 48 8b d8 eb 0a ff c9
0x00007ffa2b39f8b6:   44 38 10 74 07 48 ff c0 85 c9 75 f2 2b c3 89 44
0x00007ffa2b39f8c6:   24 4c e9 8c 02 00 00 41 bc 10 00 00 00 41 0f ba
0x00007ffa2b39f8d6:   ef 0f b8 07 00 00 00 89 44 24 60 45 84 ff 79 13
0x00007ffa2b39f8e6:   04 51 c6 44 24 44 30 88 44 24 45 c7 44 24 48 02
0x00007ffa2b39f8f6:   00 00 00 41 ba 10 00 00 00 eb 4e 41 ba 08 00 00
0x00007ffa2b39f906:   00 45 84 ff 79 43 45 0b fb eb 3e 49 8b 7d 00 49
0x00007ffa2b39f916:   83 c5 08 e8 36 fa ff ff 45 33 d2 85 c0 0f 84 b4
0x00007ffa2b39f926:   05 00 00 41 f6 c7 20 74 06 66 44 89 37 eb 03 44
0x00007ffa2b39f936:   89 37 c7 44 24 58 01 00 00 00 e9 59 03 00 00 41
0x00007ffa2b39f946:   83 cf 40 41 ba 0a 00 00 00 49 83 c5 08 41 0f ba
0x00007ffa2b39f956:   e7 0f 72 07 41 0f ba e7 0c 73 06 49 8b 45 f8 eb
0x00007ffa2b39f966:   2c 41 8b c7 83 e0 40 41 f6 c7 20 74 12 85 c0 74
0x00007ffa2b39f976:   07 49 0f bf 45 f8 eb 15 41 0f b7 45 f8 eb 0e 85
0x00007ffa2b39f986:   c0 74 06 49 63 45 f8 eb 04 41 8b 45 f8 41 f6 c7
0x00007ffa2b39f996:   40 74 0d 48 85 c0 79 08 48 f7 d8 41 0f ba ef 08
0x00007ffa2b39f9a6:   41 f7 c7 00 90 00 00 44 8b c0 bf 00 02 00 00 4c 


Stack slot to memory mapping:
stack at sp + 0 slots: 0x000001c2e0b61640 points into unknown readable memory: 0x6f206c656e72654b | 4b 65 72 6e 65 6c 20 6f
stack at sp + 1 slots: 0x00000000ffffffaf is an unknown value
stack at sp + 2 slots: 0x0000000000000051 is an unknown value
stack at sp + 3 slots: 0x0000000000000004 is an unknown value
stack at sp + 4 slots: 0x000001c2ab500000 points into unknown readable memory: 0x0000000000000000 | 00 00 00 00 00 00 00 00
stack at sp + 5 slots: 0x00000096db3feb29 is pointing into the stack for thread: 0x000001c2db86e140
stack at sp + 6 slots: 0x0000000000000002 is an unknown value
stack at sp + 7 slots: 0x00007ffa2c07b3c7 ntdll.dll


---------------  P R O C E S S  ---------------

Threads class SMR info:
_java_thread_list=0x000001c2dbe74150, length=30, elements={
0x000001c2ad4ff480, 0x000001c2d9e55f60, 0x000001c2d9e56dd0, 0x000001c2d9e68a50,
0x000001c2d9e6a610, 0x000001c2d9e6d0d0, 0x000001c2d9e6da80, 0x000001c2d9e6e760,
0x000001c2d9e6f150, 0x000001c2d9e7e760, 0x000001c2d9e416d0, 0x000001c2db0a1130,
0x000001c2daad9f50, 0x000001c2dad70050, 0x000001c2db3c6520, 0x000001c2db3c85a0,
0x000001c2db3d1b00, 0x000001c2db849cb0, 0x000001c2db84c960, 0x000001c2db6debd0,
0x000001c2db86f950, 0x000001c2db8707c0, 0x000001c2db871630, 0x000001c2db8702f0,
0x000001c2db86dc70, 0x000001c2db86fe20, 0x000001c2db86f480, 0x000001c2db870c90,
0x000001c2db871160, 0x000001c2db86e140
}

Java Threads: ( => current thread )
  0x000001c2ad4ff480 JavaThread "main" [_thread_blocked, id=14208, stack(0x00000096da100000,0x00000096da200000)]
  0x000001c2d9e55f60 JavaThread "Reference Handler" daemon [_thread_blocked, id=5968, stack(0x00000096da800000,0x00000096da900000)]
  0x000001c2d9e56dd0 JavaThread "Finalizer" daemon [_thread_blocked, id=14780, stack(0x00000096da900000,0x00000096daa00000)]
  0x000001c2d9e68a50 JavaThread "Signal Dispatcher" daemon [_thread_blocked, id=11156, stack(0x00000096daa00000,0x00000096dab00000)]
  0x000001c2d9e6a610 JavaThread "Attach Listener" daemon [_thread_blocked, id=8852, stack(0x00000096dab00000,0x00000096dac00000)]
  0x000001c2d9e6d0d0 JavaThread "Service Thread" daemon [_thread_blocked, id=16432, stack(0x00000096dac00000,0x00000096dad00000)]
  0x000001c2d9e6da80 JavaThread "Monitor Deflation Thread" daemon [_thread_blocked, id=14068, stack(0x00000096dad00000,0x00000096dae00000)]
  0x000001c2d9e6e760 JavaThread "C2 CompilerThread0" daemon [_thread_blocked, id=18188, stack(0x00000096dae00000,0x00000096daf00000)]
  0x000001c2d9e6f150 JavaThread "C1 CompilerThread0" daemon [_thread_blocked, id=4920, stack(0x00000096daf00000,0x00000096db000000)]
  0x000001c2d9e7e760 JavaThread "Sweeper thread" daemon [_thread_blocked, id=11040, stack(0x00000096db000000,0x00000096db100000)]
  0x000001c2d9e416d0 JavaThread "Common-Cleaner" daemon [_thread_blocked, id=17756, stack(0x00000096db100000,0x00000096db200000)]
  0x000001c2db0a1130 JavaThread "Monitor Ctrl-Break" daemon [_thread_in_native, id=8364, stack(0x00000096db400000,0x00000096db500000)]
  0x000001c2daad9f50 JavaThread "Notification Thread" daemon [_thread_blocked, id=672, stack(0x00000096db500000,0x00000096db600000)]
  0x000001c2dad70050 JavaThread "QuantumRenderer-0" daemon [_thread_blocked, id=15416, stack(0x00000096db700000,0x00000096db800000)]
  0x000001c2db3c6520 JavaThread "InvokeLaterDispatcher" daemon [_thread_blocked, id=6828, stack(0x00000096db900000,0x00000096dba00000)]
  0x000001c2db3c85a0 JavaThread "JavaFX Application Thread" [_thread_in_native, id=4892, stack(0x00000096dba00000,0x00000096dbb00000)]
  0x000001c2db3d1b00 JavaThread "JavaFX-Launcher" [_thread_blocked, id=1472, stack(0x00000096dbd00000,0x00000096dbe00000)]
  0x000001c2db849cb0 JavaThread "Thread-2" daemon [_thread_in_native, id=13252, stack(0x00000096dbc00000,0x00000096dbd00000)]
  0x000001c2db84c960 JavaThread "ForkJoinPool.commonPool-worker-1" daemon [_thread_blocked, id=18264, stack(0x00000096dbe00000,0x00000096dbf00000)]
  0x000001c2db6debd0 JavaThread "ForkJoinPool.commonPool-worker-2" daemon [_thread_blocked, id=7064, stack(0x00000096dbf00000,0x00000096dc000000)]
  0x000001c2db86f950 JavaThread "ForkJoinPool.commonPool-worker-3" daemon [_thread_blocked, id=8184, stack(0x00000096dc000000,0x00000096dc100000)]
  0x000001c2db8707c0 JavaThread "ForkJoinPool.commonPool-worker-4" daemon [_thread_blocked, id=17628, stack(0x00000096dca00000,0x00000096dcb00000)]
  0x000001c2db871630 JavaThread "ForkJoinPool.commonPool-worker-5" daemon [_thread_blocked, id=12896, stack(0x00000096dcb00000,0x00000096dcc00000)]
  0x000001c2db8702f0 JavaThread "ForkJoinPool.commonPool-worker-6" daemon [_thread_blocked, id=17456, stack(0x00000096dcc00000,0x00000096dcd00000)]
  0x000001c2db86dc70 JavaThread "ForkJoinPool.commonPool-worker-7" daemon [_thread_blocked, id=16268, stack(0x00000096dcd00000,0x00000096dce00000)]
  0x000001c2db86fe20 JavaThread "ForkJoinPool.commonPool-worker-8" daemon [_thread_blocked, id=9316, stack(0x00000096dce00000,0x00000096dcf00000)]
  0x000001c2db86f480 JavaThread "ForkJoinPool.commonPool-worker-9" daemon [_thread_blocked, id=14140, stack(0x00000096dcf00000,0x00000096dd000000)]
  0x000001c2db870c90 JavaThread "ForkJoinPool.commonPool-worker-11" daemon [_thread_blocked, id=1364, stack(0x00000096dd000000,0x00000096dd100000)]
  0x000001c2db871160 JavaThread "ForkJoinPool.commonPool-worker-10" daemon [_thread_blocked, id=15872, stack(0x00000096dd100000,0x00000096dd200000)]
=>0x000001c2db86e140 JavaThread "pool-2-thread-1" [_thread_in_native, id=12136, stack(0x00000096db300000,0x00000096db400000)]

Other Threads:
  0x000001c2d9e50690 VMThread "VM Thread" [stack: 0x00000096da700000,0x00000096da800000] [id=7696]
  0x000001c2da960fa0 WatcherThread [stack: 0x00000096db600000,0x00000096db700000] [id=5288]
  0x000001c2ad575a40 GCTaskThread "GC Thread#0" [stack: 0x00000096da200000,0x00000096da300000] [id=18200]
  0x000001c2db82bad0 GCTaskThread "GC Thread#1" [stack: 0x00000096dc100000,0x00000096dc200000] [id=4780]
  0x000001c2db873d70 GCTaskThread "GC Thread#2" [stack: 0x00000096dc200000,0x00000096dc300000] [id=17724]
  0x000001c2db831d60 GCTaskThread "GC Thread#3" [stack: 0x00000096dc300000,0x00000096dc400000] [id=10888]
  0x000001c2db6e2920 GCTaskThread "GC Thread#4" [stack: 0x00000096dc400000,0x00000096dc500000] [id=6720]
  0x000001c2db8aa3c0 GCTaskThread "GC Thread#5" [stack: 0x00000096dc500000,0x00000096dc600000] [id=5184]
  0x000001c2db8aa670 GCTaskThread "GC Thread#6" [stack: 0x00000096dc600000,0x00000096dc700000] [id=12720]
  0x000001c2db8ab3e0 GCTaskThread "GC Thread#7" [stack: 0x00000096dc700000,0x00000096dc800000] [id=2288]
  0x000001c2db8a9e60 GCTaskThread "GC Thread#8" [stack: 0x00000096dc800000,0x00000096dc900000] [id=7136]
  0x000001c2db8aa110 GCTaskThread "GC Thread#9" [stack: 0x00000096dc900000,0x00000096dca00000] [id=13516]
  0x000001c2ad5868d0 ConcurrentGCThread "G1 Main Marker" [stack: 0x00000096da300000,0x00000096da400000] [id=14368]
  0x000001c2ad5872e0 ConcurrentGCThread "G1 Conc#0" [stack: 0x00000096da400000,0x00000096da500000] [id=4116]
  0x000001c2d9d0d530 ConcurrentGCThread "G1 Refine#0" [stack: 0x00000096da500000,0x00000096da600000] [id=11908]
  0x000001c2d9d0de60 ConcurrentGCThread "G1 Service" [stack: 0x00000096da600000,0x00000096da700000] [id=11452]

Threads with active compile tasks:

VM state: not at safepoint (normal execution)

VM Mutex/Monitor currently owned by a thread: None

Heap address: 0x0000000601400000, size: 8172 MB, Compressed Oops mode: Zero based, Oop shift amount: 3

CDS archive(s) mapped at: [0x0000000800000000-0x0000000800bc0000-0x0000000800bc0000), size 12320768, SharedBaseAddress: 0x0000000800000000, ArchiveRelocationMode: 0.
Compressed class space mapped at: 0x0000000800c00000-0x0000000840c00000, reserved size: 1073741824
Narrow klass base: 0x0000000800000000, Narrow klass shift: 0, Narrow klass range: 0x100000000

GC Precious Log:
 CPUs: 12 total, 12 available
 Memory: 32687M
 Large Page Support: Disabled
 NUMA Support: Disabled
 Compressed Oops: Enabled (Zero based)
 Heap Region Size: 4M
 Heap Min Capacity: 8M
 Heap Initial Capacity: 512M
 Heap Max Capacity: 8172M
 Pre-touch: Disabled
 Parallel Workers: 10
 Concurrent Workers: 3
 Concurrent Refinement Workers: 10
 Periodic GC: Disabled

Heap:
 garbage-first heap   total 524288K, used 64589K [0x0000000601400000, 0x0000000800000000)
  region size 4096K, 9 young (36864K), 1 survivors (4096K)
 Metaspace       used 11247K, committed 11456K, reserved 1064960K
  class space    used 1611K, committed 1728K, reserved 1048576K

Heap Regions: E=young(eden), S=young(survivor), O=old, HS=humongous(starts), HC=humongous(continues), CS=collection set, F=free, OA=open archive, CA=closed archive, TAMS=top-at-mark-start (previous, next)
|   0|0x0000000601400000, 0x0000000601800000, 0x0000000601800000|100%|HS|  |TAMS 0x0000000601400000, 0x0000000601400000| Complete 
|   1|0x0000000601800000, 0x0000000601c00000, 0x0000000601c00000|100%|HC|  |TAMS 0x0000000601800000, 0x0000000601800000| Complete 
|   2|0x0000000601c00000, 0x0000000602000000, 0x0000000602000000|100%|HC|  |TAMS 0x0000000601c00000, 0x0000000601c00000| Complete 
|   3|0x0000000602000000, 0x0000000602400000, 0x0000000602400000|100%|HS|  |TAMS 0x0000000602000000, 0x0000000602000000| Complete 
|   4|0x0000000602400000, 0x0000000602800000, 0x0000000602800000|100%|HC|  |TAMS 0x0000000602400000, 0x0000000602400000| Complete 
|   5|0x0000000602800000, 0x0000000602c00000, 0x0000000602c00000|100%|HC|  |TAMS 0x0000000602800000, 0x0000000602800000| Complete 
|   6|0x0000000602c00000, 0x0000000603000000, 0x0000000603000000|100%|HC|  |TAMS 0x0000000602c00000, 0x0000000602c00000| Complete 
|   7|0x0000000603000000, 0x0000000603400000, 0x0000000603400000|100%|HC|  |TAMS 0x0000000603000000, 0x0000000603000000| Complete 
|   8|0x0000000603400000, 0x0000000603800000, 0x0000000603800000|100%|HC|  |TAMS 0x0000000603400000, 0x0000000603400000| Complete 
|   9|0x0000000603800000, 0x0000000603800000, 0x0000000603c00000|  0%| F|  |TAMS 0x0000000603800000, 0x0000000603800000| Untracked 
|  10|0x0000000603c00000, 0x0000000603c00000, 0x0000000604000000|  0%| F|  |TAMS 0x0000000603c00000, 0x0000000603c00000| Untracked 
|  11|0x0000000604000000, 0x0000000604000000, 0x0000000604400000|  0%| F|  |TAMS 0x0000000604000000, 0x0000000604000000| Untracked 
|  12|0x0000000604400000, 0x0000000604400000, 0x0000000604800000|  0%| F|  |TAMS 0x0000000604400000, 0x0000000604400000| Untracked 
|  13|0x0000000604800000, 0x0000000604800000, 0x0000000604c00000|  0%| F|  |TAMS 0x0000000604800000, 0x0000000604800000| Untracked 
|  14|0x0000000604c00000, 0x0000000604c00000, 0x0000000605000000|  0%| F|  |TAMS 0x0000000604c00000, 0x0000000604c00000| Untracked 
|  15|0x0000000605000000, 0x0000000605000000, 0x0000000605400000|  0%| F|  |TAMS 0x0000000605000000, 0x0000000605000000| Untracked 
|  16|0x0000000605400000, 0x0000000605400000, 0x0000000605800000|  0%| F|  |TAMS 0x0000000605400000, 0x0000000605400000| Untracked 
|  17|0x0000000605800000, 0x0000000605800000, 0x0000000605c00000|  0%| F|  |TAMS 0x0000000605800000, 0x0000000605800000| Untracked 
|  18|0x0000000605c00000, 0x0000000605c00000, 0x0000000606000000|  0%| F|  |TAMS 0x0000000605c00000, 0x0000000605c00000| Untracked 
|  19|0x0000000606000000, 0x0000000606000000, 0x0000000606400000|  0%| F|  |TAMS 0x0000000606000000, 0x0000000606000000| Untracked 
|  20|0x0000000606400000, 0x0000000606400000, 0x0000000606800000|  0%| F|  |TAMS 0x0000000606400000, 0x0000000606400000| Untracked 
|  21|0x0000000606800000, 0x0000000606800000, 0x0000000606c00000|  0%| F|  |TAMS 0x0000000606800000, 0x0000000606800000| Untracked 
|  22|0x0000000606c00000, 0x0000000606c00000, 0x0000000607000000|  0%| F|  |TAMS 0x0000000606c00000, 0x0000000606c00000| Untracked 
|  23|0x0000000607000000, 0x0000000607000000, 0x0000000607400000|  0%| F|  |TAMS 0x0000000607000000, 0x0000000607000000| Untracked 
|  24|0x0000000607400000, 0x0000000607400000, 0x0000000607800000|  0%| F|  |TAMS 0x0000000607400000, 0x0000000607400000| Untracked 
|  25|0x0000000607800000, 0x0000000607800000, 0x0000000607c00000|  0%| F|  |TAMS 0x0000000607800000, 0x0000000607800000| Untracked 
|  26|0x0000000607c00000, 0x0000000607c00000, 0x0000000608000000|  0%| F|  |TAMS 0x0000000607c00000, 0x0000000607c00000| Untracked 
|  27|0x0000000608000000, 0x0000000608000000, 0x0000000608400000|  0%| F|  |TAMS 0x0000000608000000, 0x0000000608000000| Untracked 
|  28|0x0000000608400000, 0x0000000608400000, 0x0000000608800000|  0%| F|  |TAMS 0x0000000608400000, 0x0000000608400000| Untracked 
|  29|0x0000000608800000, 0x0000000608800000, 0x0000000608c00000|  0%| F|  |TAMS 0x0000000608800000, 0x0000000608800000| Untracked 
|  30|0x0000000608c00000, 0x0000000608c00000, 0x0000000609000000|  0%| F|  |TAMS 0x0000000608c00000, 0x0000000608c00000| Untracked 
|  31|0x0000000609000000, 0x0000000609000000, 0x0000000609400000|  0%| F|  |TAMS 0x0000000609000000, 0x0000000609000000| Untracked 
|  32|0x0000000609400000, 0x0000000609400000, 0x0000000609800000|  0%| F|  |TAMS 0x0000000609400000, 0x0000000609400000| Untracked 
|  33|0x0000000609800000, 0x0000000609800000, 0x0000000609c00000|  0%| F|  |TAMS 0x0000000609800000, 0x0000000609800000| Untracked 
|  34|0x0000000609c00000, 0x0000000609c00000, 0x000000060a000000|  0%| F|  |TAMS 0x0000000609c00000, 0x0000000609c00000| Untracked 
|  35|0x000000060a000000, 0x000000060a000000, 0x000000060a400000|  0%| F|  |TAMS 0x000000060a000000, 0x000000060a000000| Untracked 
|  36|0x000000060a400000, 0x000000060a400000, 0x000000060a800000|  0%| F|  |TAMS 0x000000060a400000, 0x000000060a400000| Untracked 
|  37|0x000000060a800000, 0x000000060a800000, 0x000000060ac00000|  0%| F|  |TAMS 0x000000060a800000, 0x000000060a800000| Untracked 
|  38|0x000000060ac00000, 0x000000060ac00000, 0x000000060b000000|  0%| F|  |TAMS 0x000000060ac00000, 0x000000060ac00000| Untracked 
|  39|0x000000060b000000, 0x000000060b000000, 0x000000060b400000|  0%| F|  |TAMS 0x000000060b000000, 0x000000060b000000| Untracked 
|  40|0x000000060b400000, 0x000000060b400000, 0x000000060b800000|  0%| F|  |TAMS 0x000000060b400000, 0x000000060b400000| Untracked 
|  41|0x000000060b800000, 0x000000060b800000, 0x000000060bc00000|  0%| F|  |TAMS 0x000000060b800000, 0x000000060b800000| Untracked 
|  42|0x000000060bc00000, 0x000000060bc00000, 0x000000060c000000|  0%| F|  |TAMS 0x000000060bc00000, 0x000000060bc00000| Untracked 
|  43|0x000000060c000000, 0x000000060c000000, 0x000000060c400000|  0%| F|  |TAMS 0x000000060c000000, 0x000000060c000000| Untracked 
|  44|0x000000060c400000, 0x000000060c400000, 0x000000060c800000|  0%| F|  |TAMS 0x000000060c400000, 0x000000060c400000| Untracked 
|  45|0x000000060c800000, 0x000000060c800000, 0x000000060cc00000|  0%| F|  |TAMS 0x000000060c800000, 0x000000060c800000| Untracked 
|  46|0x000000060cc00000, 0x000000060cc00000, 0x000000060d000000|  0%| F|  |TAMS 0x000000060cc00000, 0x000000060cc00000| Untracked 
|  47|0x000000060d000000, 0x000000060d000000, 0x000000060d400000|  0%| F|  |TAMS 0x000000060d000000, 0x000000060d000000| Untracked 
|  48|0x000000060d400000, 0x000000060d400000, 0x000000060d800000|  0%| F|  |TAMS 0x000000060d400000, 0x000000060d400000| Untracked 
|  49|0x000000060d800000, 0x000000060d800000, 0x000000060dc00000|  0%| F|  |TAMS 0x000000060d800000, 0x000000060d800000| Untracked 
|  50|0x000000060dc00000, 0x000000060dc00000, 0x000000060e000000|  0%| F|  |TAMS 0x000000060dc00000, 0x000000060dc00000| Untracked 
|  51|0x000000060e000000, 0x000000060e000000, 0x000000060e400000|  0%| F|  |TAMS 0x000000060e000000, 0x000000060e000000| Untracked 
|  52|0x000000060e400000, 0x000000060e400000, 0x000000060e800000|  0%| F|  |TAMS 0x000000060e400000, 0x000000060e400000| Untracked 
|  53|0x000000060e800000, 0x000000060e800000, 0x000000060ec00000|  0%| F|  |TAMS 0x000000060e800000, 0x000000060e800000| Untracked 
|  54|0x000000060ec00000, 0x000000060ec00000, 0x000000060f000000|  0%| F|  |TAMS 0x000000060ec00000, 0x000000060ec00000| Untracked 
|  55|0x000000060f000000, 0x000000060f000000, 0x000000060f400000|  0%| F|  |TAMS 0x000000060f000000, 0x000000060f000000| Untracked 
|  56|0x000000060f400000, 0x000000060f400000, 0x000000060f800000|  0%| F|  |TAMS 0x000000060f400000, 0x000000060f400000| Untracked 
|  57|0x000000060f800000, 0x000000060f800000, 0x000000060fc00000|  0%| F|  |TAMS 0x000000060f800000, 0x000000060f800000| Untracked 
|  58|0x000000060fc00000, 0x000000060fc00000, 0x0000000610000000|  0%| F|  |TAMS 0x000000060fc00000, 0x000000060fc00000| Untracked 
|  59|0x0000000610000000, 0x0000000610000000, 0x0000000610400000|  0%| F|  |TAMS 0x0000000610000000, 0x0000000610000000| Untracked 
|  60|0x0000000610400000, 0x0000000610400000, 0x0000000610800000|  0%| F|  |TAMS 0x0000000610400000, 0x0000000610400000| Untracked 
|  61|0x0000000610800000, 0x0000000610800000, 0x0000000610c00000|  0%| F|  |TAMS 0x0000000610800000, 0x0000000610800000| Untracked 
|  62|0x0000000610c00000, 0x0000000610c00000, 0x0000000611000000|  0%| F|  |TAMS 0x0000000610c00000, 0x0000000610c00000| Untracked 
|  63|0x0000000611000000, 0x0000000611000000, 0x0000000611400000|  0%| F|  |TAMS 0x0000000611000000, 0x0000000611000000| Untracked 
|  64|0x0000000611400000, 0x0000000611400000, 0x0000000611800000|  0%| F|  |TAMS 0x0000000611400000, 0x0000000611400000| Untracked 
|  65|0x0000000611800000, 0x0000000611800000, 0x0000000611c00000|  0%| F|  |TAMS 0x0000000611800000, 0x0000000611800000| Untracked 
|  66|0x0000000611c00000, 0x0000000611c00000, 0x0000000612000000|  0%| F|  |TAMS 0x0000000611c00000, 0x0000000611c00000| Untracked 
|  67|0x0000000612000000, 0x0000000612000000, 0x0000000612400000|  0%| F|  |TAMS 0x0000000612000000, 0x0000000612000000| Untracked 
|  68|0x0000000612400000, 0x0000000612400000, 0x0000000612800000|  0%| F|  |TAMS 0x0000000612400000, 0x0000000612400000| Untracked 
|  69|0x0000000612800000, 0x0000000612800000, 0x0000000612c00000|  0%| F|  |TAMS 0x0000000612800000, 0x0000000612800000| Untracked 
|  70|0x0000000612c00000, 0x0000000612c00000, 0x0000000613000000|  0%| F|  |TAMS 0x0000000612c00000, 0x0000000612c00000| Untracked 
|  71|0x0000000613000000, 0x0000000613000000, 0x0000000613400000|  0%| F|  |TAMS 0x0000000613000000, 0x0000000613000000| Untracked 
|  72|0x0000000613400000, 0x0000000613400000, 0x0000000613800000|  0%| F|  |TAMS 0x0000000613400000, 0x0000000613400000| Untracked 
|  73|0x0000000613800000, 0x0000000613800000, 0x0000000613c00000|  0%| F|  |TAMS 0x0000000613800000, 0x0000000613800000| Untracked 
|  74|0x0000000613c00000, 0x0000000613c00000, 0x0000000614000000|  0%| F|  |TAMS 0x0000000613c00000, 0x0000000613c00000| Untracked 
|  75|0x0000000614000000, 0x0000000614000000, 0x0000000614400000|  0%| F|  |TAMS 0x0000000614000000, 0x0000000614000000| Untracked 
|  76|0x0000000614400000, 0x0000000614400000, 0x0000000614800000|  0%| F|  |TAMS 0x0000000614400000, 0x0000000614400000| Untracked 
|  77|0x0000000614800000, 0x0000000614800000, 0x0000000614c00000|  0%| F|  |TAMS 0x0000000614800000, 0x0000000614800000| Untracked 
|  78|0x0000000614c00000, 0x0000000614c00000, 0x0000000615000000|  0%| F|  |TAMS 0x0000000614c00000, 0x0000000614c00000| Untracked 
|  79|0x0000000615000000, 0x0000000615000000, 0x0000000615400000|  0%| F|  |TAMS 0x0000000615000000, 0x0000000615000000| Untracked 
|  80|0x0000000615400000, 0x0000000615400000, 0x0000000615800000|  0%| F|  |TAMS 0x0000000615400000, 0x0000000615400000| Untracked 
|  81|0x0000000615800000, 0x0000000615800000, 0x0000000615c00000|  0%| F|  |TAMS 0x0000000615800000, 0x0000000615800000| Untracked 
|  82|0x0000000615c00000, 0x0000000615c00000, 0x0000000616000000|  0%| F|  |TAMS 0x0000000615c00000, 0x0000000615c00000| Untracked 
|  83|0x0000000616000000, 0x0000000616000000, 0x0000000616400000|  0%| F|  |TAMS 0x0000000616000000, 0x0000000616000000| Untracked 
|  84|0x0000000616400000, 0x0000000616400000, 0x0000000616800000|  0%| F|  |TAMS 0x0000000616400000, 0x0000000616400000| Untracked 
|  85|0x0000000616800000, 0x0000000616800000, 0x0000000616c00000|  0%| F|  |TAMS 0x0000000616800000, 0x0000000616800000| Untracked 
|  86|0x0000000616c00000, 0x0000000616c00000, 0x0000000617000000|  0%| F|  |TAMS 0x0000000616c00000, 0x0000000616c00000| Untracked 
|  87|0x0000000617000000, 0x0000000617000000, 0x0000000617400000|  0%| F|  |TAMS 0x0000000617000000, 0x0000000617000000| Untracked 
|  88|0x0000000617400000, 0x0000000617400000, 0x0000000617800000|  0%| F|  |TAMS 0x0000000617400000, 0x0000000617400000| Untracked 
|  89|0x0000000617800000, 0x0000000617800000, 0x0000000617c00000|  0%| F|  |TAMS 0x0000000617800000, 0x0000000617800000| Untracked 
|  90|0x0000000617c00000, 0x0000000617c00000, 0x0000000618000000|  0%| F|  |TAMS 0x0000000617c00000, 0x0000000617c00000| Untracked 
|  91|0x0000000618000000, 0x0000000618000000, 0x0000000618400000|  0%| F|  |TAMS 0x0000000618000000, 0x0000000618000000| Untracked 
|  92|0x0000000618400000, 0x0000000618400000, 0x0000000618800000|  0%| F|  |TAMS 0x0000000618400000, 0x0000000618400000| Untracked 
|  93|0x0000000618800000, 0x0000000618800000, 0x0000000618c00000|  0%| F|  |TAMS 0x0000000618800000, 0x0000000618800000| Untracked 
|  94|0x0000000618c00000, 0x0000000618c00000, 0x0000000619000000|  0%| F|  |TAMS 0x0000000618c00000, 0x0000000618c00000| Untracked 
|  95|0x0000000619000000, 0x0000000619000000, 0x0000000619400000|  0%| F|  |TAMS 0x0000000619000000, 0x0000000619000000| Untracked 
|  96|0x0000000619400000, 0x0000000619400000, 0x0000000619800000|  0%| F|  |TAMS 0x0000000619400000, 0x0000000619400000| Untracked 
|  97|0x0000000619800000, 0x0000000619800000, 0x0000000619c00000|  0%| F|  |TAMS 0x0000000619800000, 0x0000000619800000| Untracked 
|  98|0x0000000619c00000, 0x0000000619c00000, 0x000000061a000000|  0%| F|  |TAMS 0x0000000619c00000, 0x0000000619c00000| Untracked 
|  99|0x000000061a000000, 0x000000061a000000, 0x000000061a400000|  0%| F|  |TAMS 0x000000061a000000, 0x000000061a000000| Untracked 
| 100|0x000000061a400000, 0x000000061a400000, 0x000000061a800000|  0%| F|  |TAMS 0x000000061a400000, 0x000000061a400000| Untracked 
| 101|0x000000061a800000, 0x000000061a800000, 0x000000061ac00000|  0%| F|  |TAMS 0x000000061a800000, 0x000000061a800000| Untracked 
| 102|0x000000061ac00000, 0x000000061ac00000, 0x000000061b000000|  0%| F|  |TAMS 0x000000061ac00000, 0x000000061ac00000| Untracked 
| 103|0x000000061b000000, 0x000000061b000000, 0x000000061b400000|  0%| F|  |TAMS 0x000000061b000000, 0x000000061b000000| Untracked 
| 104|0x000000061b400000, 0x000000061b400000, 0x000000061b800000|  0%| F|  |TAMS 0x000000061b400000, 0x000000061b400000| Untracked 
| 105|0x000000061b800000, 0x000000061b800000, 0x000000061bc00000|  0%| F|  |TAMS 0x000000061b800000, 0x000000061b800000| Untracked 
| 106|0x000000061bc00000, 0x000000061bc00000, 0x000000061c000000|  0%| F|  |TAMS 0x000000061bc00000, 0x000000061bc00000| Untracked 
| 107|0x000000061c000000, 0x000000061c000000, 0x000000061c400000|  0%| F|  |TAMS 0x000000061c000000, 0x000000061c000000| Untracked 
| 108|0x000000061c400000, 0x000000061c400000, 0x000000061c800000|  0%| F|  |TAMS 0x000000061c400000, 0x000000061c400000| Untracked 
| 109|0x000000061c800000, 0x000000061c800000, 0x000000061cc00000|  0%| F|  |TAMS 0x000000061c800000, 0x000000061c800000| Untracked 
| 110|0x000000061cc00000, 0x000000061cc00000, 0x000000061d000000|  0%| F|  |TAMS 0x000000061cc00000, 0x000000061cc00000| Untracked 
| 111|0x000000061d000000, 0x000000061d000000, 0x000000061d400000|  0%| F|  |TAMS 0x000000061d000000, 0x000000061d000000| Untracked 
| 112|0x000000061d400000, 0x000000061d400000, 0x000000061d800000|  0%| F|  |TAMS 0x000000061d400000, 0x000000061d400000| Untracked 
| 113|0x000000061d800000, 0x000000061d800000, 0x000000061dc00000|  0%| F|  |TAMS 0x000000061d800000, 0x000000061d800000| Untracked 
| 114|0x000000061dc00000, 0x000000061dc00000, 0x000000061e000000|  0%| F|  |TAMS 0x000000061dc00000, 0x000000061dc00000| Untracked 
| 115|0x000000061e000000, 0x000000061e000000, 0x000000061e400000|  0%| F|  |TAMS 0x000000061e000000, 0x000000061e000000| Untracked 
| 116|0x000000061e400000, 0x000000061e400000, 0x000000061e800000|  0%| F|  |TAMS 0x000000061e400000, 0x000000061e400000| Untracked 
| 117|0x000000061e800000, 0x000000061e800000, 0x000000061ec00000|  0%| F|  |TAMS 0x000000061e800000, 0x000000061e800000| Untracked 
| 118|0x000000061ec00000, 0x000000061ec00000, 0x000000061f000000|  0%| F|  |TAMS 0x000000061ec00000, 0x000000061ec00000| Untracked 
| 119|0x000000061f000000, 0x000000061f1df9e0, 0x000000061f400000| 46%| E|  |TAMS 0x000000061f000000, 0x000000061f000000| Complete 
| 120|0x000000061f400000, 0x000000061f800000, 0x000000061f800000|100%| E|CS|TAMS 0x000000061f400000, 0x000000061f400000| Complete 
| 121|0x000000061f800000, 0x000000061fb136a8, 0x000000061fc00000| 76%| S|CS|TAMS 0x000000061f800000, 0x000000061f800000| Complete 
| 122|0x000000061fc00000, 0x0000000620000000, 0x0000000620000000|100%| E|CS|TAMS 0x000000061fc00000, 0x000000061fc00000| Complete 
| 123|0x0000000620000000, 0x0000000620400000, 0x0000000620400000|100%| E|CS|TAMS 0x0000000620000000, 0x0000000620000000| Complete 
| 124|0x0000000620400000, 0x0000000620800000, 0x0000000620800000|100%| E|CS|TAMS 0x0000000620400000, 0x0000000620400000| Complete 
| 125|0x0000000620800000, 0x0000000620c00000, 0x0000000620c00000|100%| E|  |TAMS 0x0000000620800000, 0x0000000620800000| Complete 
| 126|0x0000000620c00000, 0x0000000621000000, 0x0000000621000000|100%| E|CS|TAMS 0x0000000620c00000, 0x0000000620c00000| Complete 
| 127|0x0000000621000000, 0x0000000621400000, 0x0000000621400000|100%| E|CS|TAMS 0x0000000621000000, 0x0000000621000000| Complete 

Card table byte_map: [0x000001c2c5260000,0x000001c2c6260000] _byte_map_base: 0x000001c2c2256000

Marking Bits (Prev, Next): (CMBitMap*) 0x000001c2ad576050, (CMBitMap*) 0x000001c2ad576090
 Prev Bits: [0x000001c2c7260000, 0x000001c2cf210000)
 Next Bits: [0x000001c2cf210000, 0x000001c2d71c0000)

Polling page: 0x000001c2acce0000

Metaspace:

Usage:
  Non-class:      9.41 MB used.
      Class:      1.57 MB used.
       Both:     10.98 MB used.

Virtual space:
  Non-class space:       16.00 MB reserved,       9.50 MB ( 59%) committed,  2 nodes.
      Class space:        1.00 GB reserved,       1.69 MB ( <1%) committed,  1 nodes.
             Both:        1.02 GB reserved,      11.19 MB (  1%) committed. 

Chunk freelists:
   Non-Class:  1.94 MB
       Class:  2.25 MB
        Both:  4.19 MB

MaxMetaspaceSize: unlimited
CompressedClassSpaceSize: 1.00 GB
Initial GC threshold: 21.00 MB
Current GC threshold: 21.00 MB
CDS: on
MetaspaceReclaimPolicy: balanced
 - commit_granule_bytes: 65536.
 - commit_granule_words: 8192.
 - virtual_space_node_default_size: 1048576.
 - enlarge_chunks_in_place: 1.
 - new_chunks_are_fully_committed: 0.
 - uncommit_free_chunks: 1.
 - use_allocation_guard: 0.
 - handle_deallocations: 1.


Internal statistics:

num_allocs_failed_limit: 0.
num_arena_births: 152.
num_arena_deaths: 0.
num_vsnodes_births: 3.
num_vsnodes_deaths: 0.
num_space_committed: 179.
num_space_uncommitted: 0.
num_chunks_returned_to_freelist: 0.
num_chunks_taken_from_freelist: 478.
num_chunk_merges: 0.
num_chunk_splits: 334.
num_chunks_enlarged: 265.
num_purges: 0.
num_inconsistent_stats: 0.

CodeHeap 'non-profiled nmethods': size=120000Kb used=493Kb max_used=493Kb free=119506Kb
 bounds [0x000001c2bc7d0000, 0x000001c2bca40000, 0x000001c2c3d00000]
CodeHeap 'profiled nmethods': size=120000Kb used=2161Kb max_used=2161Kb free=117838Kb
 bounds [0x000001c2b52a0000, 0x000001c2b5510000, 0x000001c2bc7d0000]
CodeHeap 'non-nmethods': size=5760Kb used=1352Kb max_used=1357Kb free=4407Kb
 bounds [0x000001c2b4d00000, 0x000001c2b4f70000, 0x000001c2b52a0000]
 total_blobs=2006 nmethods=1310 adapters=609
 compilation: enabled
              stopped_count=0, restarted_count=0
 full_count=0

Compilation events (20 events):
Event: 4.442 Thread 0x000001c2d9e6f150 1300       3       java.lang.invoke.TypeConvertingMethodAdapter::cast (42 bytes)
Event: 4.442 Thread 0x000001c2d9e6f150 nmethod 1300 0x000001c2b54b7410 code [0x000001c2b54b7600, 0x000001c2b54b7a88]
Event: 4.476 Thread 0x000001c2d9e6f150 1303       3       java.lang.invoke.DirectMethodHandle::allocateInstance (16 bytes)
Event: 4.476 Thread 0x000001c2d9e6f150 nmethod 1303 0x000001c2b54b7c10 code [0x000001c2b54b7dc0, 0x000001c2b54b7fe8]
Event: 4.476 Thread 0x000001c2d9e6f150 1305       3       java.lang.invoke.LambdaForm::editor (5 bytes)
Event: 4.476 Thread 0x000001c2d9e6f150 nmethod 1305 0x000001c2b54b8110 code [0x000001c2b54b82e0, 0x000001c2b54b8628]
Event: 4.476 Thread 0x000001c2d9e6f150 1304       3       java.lang.invoke.DirectMethodHandle::constructorMethod (10 bytes)
Event: 4.476 Thread 0x000001c2d9e6f150 nmethod 1304 0x000001c2b54b8790 code [0x000001c2b54b8920, 0x000001c2b54b8b18]
Event: 4.476 Thread 0x000001c2d9e6f150 1306       3       java.lang.ref.WeakReference::<init> (6 bytes)
Event: 4.477 Thread 0x000001c2d9e6f150 nmethod 1306 0x000001c2b54b8c10 code [0x000001c2b54b8dc0, 0x000001c2b54b90d8]
Event: 4.477 Thread 0x000001c2d9e6f150 1307       3       java.util.concurrent.ConcurrentHashMap::sumCount (60 bytes)
Event: 4.477 Thread 0x000001c2d9e6f150 nmethod 1307 0x000001c2b54b9210 code [0x000001c2b54b93c0, 0x000001c2b54b9638]
Event: 4.525 Thread 0x000001c2d9e6f150 1308       3       com.sun.javafx.tk.quantum.QuantumToolkit::postPulse (133 bytes)
Event: 4.526 Thread 0x000001c2d9e6f150 nmethod 1308 0x000001c2b54b9790 code [0x000001c2b54b9b40, 0x000001c2b54bb1e8]
Event: 4.526 Thread 0x000001c2d9e6f150 1309       1       java.util.concurrent.locks.AbstractOwnableSynchronizer::setExclusiveOwnerThread (6 bytes)
Event: 4.526 Thread 0x000001c2d9e6f150 nmethod 1309 0x000001c2bc84b290 code [0x000001c2bc84b420, 0x000001c2bc84b538]
Event: 4.533 Thread 0x000001c2d9e6f150 1310       3       com.sun.javafx.tk.quantum.QuantumToolkit$$Lambda$104/0x0000000800c38220::run (8 bytes)
Event: 4.533 Thread 0x000001c2d9e6f150 nmethod 1310 0x000001c2b54bb990 code [0x000001c2b54bbb80, 0x000001c2b54bbf28]
Event: 4.533 Thread 0x000001c2d9e6f150 1311   !   3       com.sun.javafx.tk.quantum.QuantumToolkit::lambda$runToolkit$12 (16 bytes)
Event: 4.533 Thread 0x000001c2d9e6f150 nmethod 1311 0x000001c2b54bc110 code [0x000001c2b54bc2e0, 0x000001c2b54bc608]

GC Heap History (2 events):
Event: 0.479 GC heap before
{Heap before GC invocations=0 (full 0):
 garbage-first heap   total 524288K, used 61440K [0x0000000601400000, 0x0000000800000000)
  region size 4096K, 6 young (24576K), 0 survivors (0K)
 Metaspace       used 5117K, committed 5376K, reserved 1056768K
  class space    used 614K, committed 768K, reserved 1048576K
}
Event: 0.482 GC heap after
{Heap after GC invocations=1 (full 0):
 garbage-first heap   total 524288K, used 40013K [0x0000000601400000, 0x0000000800000000)
  region size 4096K, 1 young (4096K), 1 survivors (4096K)
 Metaspace       used 5117K, committed 5376K, reserved 1056768K
  class space    used 614K, committed 768K, reserved 1048576K
}

Deoptimization events (20 events):
Event: 4.295 Thread 0x000001c2db3c85a0 DEOPT PACKING pc=0x000001c2bc7dbb84 sp=0x00000096dbafdf50
Event: 4.295 Thread 0x000001c2db3c85a0 DEOPT UNPACKING pc=0x000001c2b4d523a3 sp=0x00000096dbafdee8 mode 2
Event: 4.295 Thread 0x000001c2db3c85a0 Uncommon trap: trap_request=0xffffffde fr.pc=0x000001c2bc7dbb84 relative=0x0000000000000064
Event: 4.295 Thread 0x000001c2db3c85a0 Uncommon trap: reason=class_check action=maybe_recompile pc=0x000001c2bc7dbb84 method=java.lang.Character.codePointAt(Ljava/lang/CharSequence;I)I @ 2 c2
Event: 4.295 Thread 0x000001c2db3c85a0 DEOPT PACKING pc=0x000001c2bc7dbb84 sp=0x00000096dbafdf50
Event: 4.295 Thread 0x000001c2db3c85a0 DEOPT UNPACKING pc=0x000001c2b4d523a3 sp=0x00000096dbafdee8 mode 2
Event: 4.295 Thread 0x000001c2db3c85a0 Uncommon trap: trap_request=0xffffffde fr.pc=0x000001c2bc7dbb84 relative=0x0000000000000064
Event: 4.295 Thread 0x000001c2db3c85a0 Uncommon trap: reason=class_check action=maybe_recompile pc=0x000001c2bc7dbb84 method=java.lang.Character.codePointAt(Ljava/lang/CharSequence;I)I @ 2 c2
Event: 4.295 Thread 0x000001c2db3c85a0 DEOPT PACKING pc=0x000001c2bc7dbb84 sp=0x00000096dbafdad0
Event: 4.295 Thread 0x000001c2db3c85a0 DEOPT UNPACKING pc=0x000001c2b4d523a3 sp=0x00000096dbafda68 mode 2
Event: 4.326 Thread 0x000001c2db86e140 Uncommon trap: trap_request=0xffffff45 fr.pc=0x000001c2bc82b0e4 relative=0x0000000000000244
Event: 4.326 Thread 0x000001c2db86e140 Uncommon trap: reason=unstable_if action=reinterpret pc=0x000001c2bc82b0e4 method=java.util.StringTokenizer.scanToken(I)I @ 42 c2
Event: 4.326 Thread 0x000001c2db86e140 DEOPT PACKING pc=0x000001c2bc82b0e4 sp=0x00000096db3fd2d0
Event: 4.326 Thread 0x000001c2db86e140 DEOPT UNPACKING pc=0x000001c2b4d523a3 sp=0x00000096db3fd260 mode 2
Event: 4.331 Thread 0x000001c2db3c85a0 DEOPT PACKING pc=0x000001c2b546660c sp=0x00000096dbafa2b0
Event: 4.331 Thread 0x000001c2db3c85a0 DEOPT UNPACKING pc=0x000001c2b4d52b43 sp=0x00000096dbaf9820 mode 0
Event: 4.371 Thread 0x000001c2db3c85a0 Uncommon trap: trap_request=0xffffff45 fr.pc=0x000001c2bc7e27b8 relative=0x0000000000000038
Event: 4.371 Thread 0x000001c2db3c85a0 Uncommon trap: reason=unstable_if action=reinterpret pc=0x000001c2bc7e27b8 method=java.lang.StringLatin1.canEncode(I)Z @ 4 c2
Event: 4.371 Thread 0x000001c2db3c85a0 DEOPT PACKING pc=0x000001c2bc7e27b8 sp=0x00000096dbafbed0
Event: 4.371 Thread 0x000001c2db3c85a0 DEOPT UNPACKING pc=0x000001c2b4d523a3 sp=0x00000096dbafbe60 mode 2

Classes unloaded (0 events):
No events

Classes redefined (0 events):
No events

Internal exceptions (20 events):
Event: 0.327 Thread 0x000001c2ad4ff480 Exception <a 'java/lang/NoSuchMethodError'{0x00000006207b7950}: 'int java.lang.invoke.DirectMethodHandle$Holder.invokeStaticInit(java.lang.Object, java.lang.Object, java.lang.Object)'> (0x00000006207b7950) 
thrown [t:\workspace\open\src\hotspot\share\interpreter\linkResolver.cpp, line 766]
Event: 0.342 Thread 0x000001c2ad4ff480 Exception <a 'java/lang/NoSuchMethodError'{0x00000006200f6a10}: 'java.lang.Object java.lang.invoke.DirectMethodHandle$Holder.newInvokeSpecial(java.lang.Object, java.lang.Object, int, java.lang.Object)'> (0x00000006200f6a10) 
thrown [t:\workspace\open\src\hotspot\share\interpreter\linkResolver.cpp, line 766]
Event: 0.343 Thread 0x000001c2ad4ff480 Exception <a 'java/lang/NoSuchMethodError'{0x00000006200fadf0}: 'java.lang.Object java.lang.invoke.DirectMethodHandle$Holder.invokeSpecial(java.lang.Object, java.lang.Object, java.lang.Object, int, java.lang.Object)'> (0x00000006200fadf0) 
thrown [t:\workspace\open\src\hotspot\share\interpreter\linkResolver.cpp, line 766]
Event: 0.433 Thread 0x000001c2db3c85a0 Exception <a 'java/lang/NoSuchMethodError'{0x000000061fc27350}: 'void java.lang.invoke.DirectMethodHandle$Holder.invokeStaticInit(java.lang.Object)'> (0x000000061fc27350) 
thrown [t:\workspace\open\src\hotspot\share\interpreter\linkResolver.cpp, line 766]
Event: 0.435 Thread 0x000001c2ad4ff480 Exception <a 'java/lang/NoSuchMethodError'{0x000000062018af40}: 'java.lang.Object java.lang.invoke.DirectMethodHandle$Holder.newInvokeSpecial(java.lang.Object, java.lang.Object, java.lang.Object, java.lang.Object, java.lang.Object, java.lang.Object)'> (0x000000062018af40) 
thrown [t:\workspace\open\src\hotspot\share\interpreter\linkResolver.cpp, line 766]
Event: 0.451 Thread 0x000001c2ad4ff480 Exception <a 'java/lang/NoSuchMethodError'{0x000000061fd40640}: 'java.lang.Object java.lang.invoke.DirectMethodHandle$Holder.newInvokeSpecial(java.lang.Object, java.lang.Object, java.lang.Object, java.lang.Object, java.lang.Object)'> (0x000000061fd40640) 
thrown [t:\workspace\open\src\hotspot\share\interpreter\linkResolver.cpp, line 766]
Event: 0.477 Thread 0x000001c2db3c85a0 Exception <a 'java/lang/NoSuchMethodError'{0x000000061ff92e98}: 'int java.lang.invoke.DirectMethodHandle$Holder.invokeSpecial(java.lang.Object, java.lang.Object, int)'> (0x000000061ff92e98) 
thrown [t:\workspace\open\src\hotspot\share\interpreter\linkResolver.cpp, line 766]
Event: 1.020 Thread 0x000001c2db3c85a0 Exception <a 'sun/nio/fs/WindowsException'{0x0000000620c40208}> (0x0000000620c40208) 
thrown [t:\workspace\open\src\hotspot\share\prims\jni.cpp, line 516]
Event: 1.024 Thread 0x000001c2db3c85a0 Exception <a 'java/lang/NoSuchMethodError'{0x0000000620c7d058}: 'java.lang.Object java.lang.invoke.DirectMethodHandle$Holder.invokeStaticInit(java.lang.Object, int, int, int, int)'> (0x0000000620c7d058) 
thrown [t:\workspace\open\src\hotspot\share\interpreter\linkResolver.cpp, line 766]
Event: 1.040 Thread 0x000001c2db3c85a0 Exception <a 'java/lang/NoSuchMethodError'{0x0000000620cc4718}: 'java.lang.Object java.lang.invoke.DirectMethodHandle$Holder.invokeStaticInit(java.lang.Object, java.lang.Object, int, int, int, int)'> (0x0000000620cc4718) 
thrown [t:\workspace\open\src\hotspot\share\interpreter\linkResolver.cpp, line 766]
Event: 1.043 Thread 0x000001c2db3c85a0 Exception <a 'sun/nio/fs/WindowsException'{0x0000000620cccbd8}> (0x0000000620cccbd8) 
thrown [t:\workspace\open\src\hotspot\share\prims\jni.cpp, line 516]
Event: 1.102 Thread 0x000001c2db3c85a0 Exception <a 'sun/nio/fs/WindowsException'{0x0000000620cd3800}> (0x0000000620cd3800) 
thrown [t:\workspace\open\src\hotspot\share\prims\jni.cpp, line 516]
Event: 1.332 Thread 0x000001c2db3c85a0 Exception <a 'sun/nio/fs/WindowsException'{0x0000000620cd8770}> (0x0000000620cd8770) 
thrown [t:\workspace\open\src\hotspot\share\prims\jni.cpp, line 516]
Event: 4.307 Thread 0x000001c2db3c85a0 Exception <a 'java/lang/NoSuchMethodError'{0x0000000620eb25d0}: 'java.lang.Object java.lang.invoke.DirectMethodHandle$Holder.newInvokeSpecial(java.lang.Object, java.lang.Object, java.lang.Object, java.lang.Object, java.lang.Object, java.lang.Object, java.lang.Object)'> (0x0000000620eb25d0) 
thrown [t:\workspace\open\src\hotspot\share\interpreter\linkResolver.cpp, line 766]
Event: 4.307 Thread 0x000001c2db3c85a0 Exception <a 'java/lang/NoSuchMethodError'{0x0000000620eb7238}: 'java.lang.Object java.lang.invoke.Invokers$Holder.linkToTargetMethod(java.lang.Object, java.lang.Object, java.lang.Object, java.lang.Object, java.lang.Object, java.lang.Object, java.lang.Object)'> (0x0000000620eb7238) 
thrown [t:\workspace\open\src\hotspot\share\interpreter\linkResolver.cpp, line 766]
Event: 4.328 Thread 0x000001c2db3c85a0 Exception <a 'java/lang/NoSuchMethodError'{0x0000000620a2f5a8}: 'java.lang.Object java.lang.invoke.DirectMethodHandle$Holder.invokeStaticInit(java.lang.Object, java.lang.Object, java.lang.Object, java.lang.Object)'> (0x0000000620a2f5a8) 
thrown [t:\workspace\open\src\hotspot\share\interpreter\linkResolver.cpp, line 766]
Event: 4.329 Thread 0x000001c2db3c85a0 Exception <a 'java/lang/NullPointerException'{0x0000000620a3b048}> (0x0000000620a3b048) 
thrown [t:\workspace\open\src\hotspot\share\interpreter\linkResolver.cpp, line 1357]
Event: 4.330 Thread 0x000001c2db86e140 Exception <a 'sun/nio/fs/WindowsException'{0x0000000620a662d0}> (0x0000000620a662d0) 
thrown [t:\workspace\open\src\hotspot\share\prims\jni.cpp, line 516]
Event: 4.432 Thread 0x000001c2db3c85a0 Exception <a 'java/lang/NoSuchMethodError'{0x000000061f51f448}: 'java.lang.Object java.lang.invoke.DirectMethodHandle$Holder.newInvokeSpecial(java.lang.Object, java.lang.Object, int)'> (0x000000061f51f448) 
thrown [t:\workspace\open\src\hotspot\share\interpreter\linkResolver.cpp, line 766]
Event: 4.463 Thread 0x000001c2dad70050 Exception <a 'java/lang/NoSuchMethodError'{0x000000061f0e91e0}: 'int java.lang.invoke.DirectMethodHandle$Holder.invokeStaticInit(java.lang.Object, java.lang.Object)'> (0x000000061f0e91e0) 
thrown [t:\workspace\open\src\hotspot\share\interpreter\linkResolver.cpp, line 766]

VM Operations (20 events):
Event: 0.457 Executing VM operation: ICBufferFull
Event: 0.457 Executing VM operation: ICBufferFull done
Event: 0.479 Executing VM operation: G1CollectForAllocation
Event: 0.482 Executing VM operation: G1CollectForAllocation done
Event: 1.026 Executing VM operation: HandshakeAllThreads
Event: 1.026 Executing VM operation: HandshakeAllThreads done
Event: 1.044 Executing VM operation: HandshakeAllThreads
Event: 1.044 Executing VM operation: HandshakeAllThreads done
Event: 1.407 Executing VM operation: HandshakeAllThreads
Event: 1.407 Executing VM operation: HandshakeAllThreads done
Event: 2.408 Executing VM operation: Cleanup
Event: 2.408 Executing VM operation: Cleanup done
Event: 4.328 Executing VM operation: HandshakeAllThreads
Event: 4.328 Executing VM operation: HandshakeAllThreads done
Event: 4.328 Executing VM operation: Cleanup
Event: 4.328 Executing VM operation: Cleanup done
Event: 4.331 Executing VM operation: HandshakeAllThreads
Event: 4.331 Executing VM operation: HandshakeAllThreads done
Event: 4.360 Executing VM operation: HandshakeAllThreads
Event: 4.360 Executing VM operation: HandshakeAllThreads done

Events (20 events):
Event: 4.400 loading class java/lang/StrictMath done
Event: 4.407 loading class java/util/Vector
Event: 4.408 loading class java/util/Vector done
Event: 4.415 loading class java/lang/invoke/MethodHandle$1
Event: 4.415 loading class java/lang/invoke/MethodHandle$1 done
Event: 4.423 loading class jdk/jfr/FlightRecorder
Event: 4.423 loading class jdk/jfr/FlightRecorder done
Event: 4.437 loading class java/util/WeakHashMap$EntrySet
Event: 4.437 loading class java/util/WeakHashMap$EntrySet done
Event: 4.437 loading class java/util/WeakHashMap$EntryIterator
Event: 4.437 loading class java/util/WeakHashMap$EntryIterator done
Event: 4.438 loading class java/util/ConcurrentModificationException
Event: 4.438 loading class java/util/ConcurrentModificationException done
Event: 4.443 loading class java/util/EnumMap$Values
Event: 4.444 loading class java/util/EnumMap$Values done
Event: 4.444 loading class java/util/EnumMap$ValueIterator
Event: 4.444 loading class java/util/EnumMap$EnumMapIterator
Event: 4.444 loading class java/util/EnumMap$EnumMapIterator done
Event: 4.444 loading class java/util/EnumMap$ValueIterator done
Event: 4.533 Thread 0x000001c2dbc42690 Thread exited: 0x000001c2dbc42690


Dynamic libraries:
0x00007ff796b60000 - 0x00007ff796b6e000 	C:\Users\Lukas\.jdks\openjdk-17.0.1\bin\java.exe
0x00007ffa2c050000 - 0x00007ffa2c245000 	C:\WINDOWS\SYSTEM32\ntdll.dll
0x00007ffa2a260000 - 0x00007ffa2a31e000 	C:\WINDOWS\System32\KERNEL32.DLL
0x00007ffa29800000 - 0x00007ffa29ac8000 	C:\WINDOWS\System32\KERNELBASE.dll
0x00007ffa29b70000 - 0x00007ffa29c70000 	C:\WINDOWS\System32\ucrtbase.dll
0x00007ffa26fa0000 - 0x00007ffa26fb8000 	C:\Users\Lukas\.jdks\openjdk-17.0.1\bin\jli.dll
0x00007ffa25300000 - 0x00007ffa2531a000 	C:\Users\Lukas\.jdks\openjdk-17.0.1\bin\VCRUNTIME140.dll
0x00007ffa2b9b0000 - 0x00007ffa2bb51000 	C:\WINDOWS\System32\USER32.dll
0x00007ffa2a070000 - 0x00007ffa2a092000 	C:\WINDOWS\System32\win32u.dll
0x00007ffa1ed30000 - 0x00007ffa1efca000 	C:\WINDOWS\WinSxS\amd64_microsoft.windows.common-controls_6595b64144ccf1df_6.0.19041.1110_none_60b5254171f9507e\COMCTL32.dll
0x00007ffa2a0a0000 - 0x00007ffa2a0cb000 	C:\WINDOWS\System32\GDI32.dll
0x00007ffa2b350000 - 0x00007ffa2b3ee000 	C:\WINDOWS\System32\msvcrt.dll
0x00007ffa29c70000 - 0x00007ffa29d7b000 	C:\WINDOWS\System32\gdi32full.dll
0x00007ffa29ad0000 - 0x00007ffa29b6d000 	C:\WINDOWS\System32\msvcp_win.dll
0x00007ffa2b920000 - 0x00007ffa2b950000 	C:\WINDOWS\System32\IMM32.DLL
0x00007ffa24e60000 - 0x00007ffa24e6c000 	C:\Users\Lukas\.jdks\openjdk-17.0.1\bin\vcruntime140_1.dll
0x00007ffa201f0000 - 0x00007ffa2027d000 	C:\Users\Lukas\.jdks\openjdk-17.0.1\bin\msvcp140.dll
0x00007ff9dd7b0000 - 0x00007ff9de36e000 	C:\Users\Lukas\.jdks\openjdk-17.0.1\bin\server\jvm.dll
0x00007ffa2aa80000 - 0x00007ffa2ab2c000 	C:\WINDOWS\System32\ADVAPI32.dll
0x00007ffa2a0d0000 - 0x00007ffa2a16b000 	C:\WINDOWS\System32\sechost.dll
0x00007ffa2b720000 - 0x00007ffa2b84a000 	C:\WINDOWS\System32\RPCRT4.dll
0x00007ffa2bca0000 - 0x00007ffa2bca8000 	C:\WINDOWS\System32\PSAPI.DLL
0x00007ffa23140000 - 0x00007ffa23167000 	C:\WINDOWS\SYSTEM32\WINMM.dll
0x00007ffa26f70000 - 0x00007ffa26f79000 	C:\WINDOWS\SYSTEM32\WSOCK32.dll
0x00007ffa23fc0000 - 0x00007ffa23fca000 	C:\WINDOWS\SYSTEM32\VERSION.dll
0x00007ffa2b3f0000 - 0x00007ffa2b45b000 	C:\WINDOWS\System32\WS2_32.dll
0x00007ffa27690000 - 0x00007ffa276a2000 	C:\WINDOWS\SYSTEM32\kernel.appcore.dll
0x00007ffa24e50000 - 0x00007ffa24e5a000 	C:\Users\Lukas\.jdks\openjdk-17.0.1\bin\jimage.dll
0x00007ffa16830000 - 0x00007ffa16a14000 	C:\WINDOWS\SYSTEM32\DBGHELP.DLL
0x00007ffa16620000 - 0x00007ffa1664c000 	C:\WINDOWS\SYSTEM32\dbgcore.DLL
0x00007ffa29770000 - 0x00007ffa297f3000 	C:\WINDOWS\System32\bcryptPrimitives.dll
0x00007ffa24e40000 - 0x00007ffa24e4e000 	C:\Users\Lukas\.jdks\openjdk-17.0.1\bin\instrument.dll
0x00007ffa21260000 - 0x00007ffa21285000 	C:\Users\Lukas\.jdks\openjdk-17.0.1\bin\java.dll
0x00007ffa11950000 - 0x00007ffa11a26000 	C:\Users\Lukas\.jdks\openjdk-17.0.1\bin\svml.dll
0x00007ffa2a320000 - 0x00007ffa2aa5f000 	C:\WINDOWS\System32\SHELL32.dll
0x00007ffa27890000 - 0x00007ffa28020000 	C:\WINDOWS\SYSTEM32\windows.storage.dll
0x00007ffa2bcb0000 - 0x00007ffa2c005000 	C:\WINDOWS\System32\combase.dll
0x00007ffa291c0000 - 0x00007ffa291ee000 	C:\WINDOWS\SYSTEM32\Wldp.dll
0x00007ffa2ae10000 - 0x00007ffa2aebd000 	C:\WINDOWS\System32\SHCORE.dll
0x00007ffa2a170000 - 0x00007ffa2a1c5000 	C:\WINDOWS\System32\shlwapi.dll
0x00007ffa296b0000 - 0x00007ffa296cf000 	C:\WINDOWS\SYSTEM32\profapi.dll
0x00007ffa20530000 - 0x00007ffa20549000 	C:\Users\Lukas\.jdks\openjdk-17.0.1\bin\net.dll
0x00007ffa1da30000 - 0x00007ffa1db3c000 	C:\WINDOWS\SYSTEM32\WINHTTP.dll
0x00007ffa28f20000 - 0x00007ffa28f8a000 	C:\WINDOWS\system32\mswsock.dll
0x00007ffa202b0000 - 0x00007ffa202c5000 	C:\Users\Lukas\.jdks\openjdk-17.0.1\bin\nio.dll
0x00007ffa1fa90000 - 0x00007ffa1faa8000 	C:\Users\Lukas\.jdks\openjdk-17.0.1\bin\zip.dll
0x00007ffa1f870000 - 0x00007ffa1f88a000 	C:\Program Files\JetBrains\IntelliJ IDEA 2019.3.4\bin\breakgen64.dll
0x000001c2d9fc0000 - 0x000001c2d9fc3000 	C:\Users\Lukas\.openjfx\cache\17.0.1\api-ms-win-core-console-l1-1-0.dll
0x000001c2d9fd0000 - 0x000001c2d9fd3000 	C:\Users\Lukas\.openjfx\cache\17.0.1\api-ms-win-core-console-l1-2-0.dll
0x000001c2d9fe0000 - 0x000001c2d9fe3000 	C:\Users\Lukas\.openjfx\cache\17.0.1\api-ms-win-core-datetime-l1-1-0.dll
0x000001c2d9ff0000 - 0x000001c2d9ff3000 	C:\Users\Lukas\.openjfx\cache\17.0.1\api-ms-win-core-debug-l1-1-0.dll
0x000001c2dc3d0000 - 0x000001c2dc3d3000 	C:\Users\Lukas\.openjfx\cache\17.0.1\api-ms-win-core-errorhandling-l1-1-0.dll
0x000001c2dc3e0000 - 0x000001c2dc3e4000 	C:\Users\Lukas\.openjfx\cache\17.0.1\api-ms-win-core-file-l1-1-0.dll
0x000001c2dc3f0000 - 0x000001c2dc3f3000 	C:\Users\Lukas\.openjfx\cache\17.0.1\api-ms-win-core-file-l1-2-0.dll
0x000001c2dc400000 - 0x000001c2dc403000 	C:\Users\Lukas\.openjfx\cache\17.0.1\api-ms-win-core-file-l2-1-0.dll
0x000001c2dc410000 - 0x000001c2dc413000 	C:\Users\Lukas\.openjfx\cache\17.0.1\api-ms-win-core-handle-l1-1-0.dll
0x000001c2dc420000 - 0x000001c2dc423000 	C:\Users\Lukas\.openjfx\cache\17.0.1\api-ms-win-core-heap-l1-1-0.dll
0x000001c2dc430000 - 0x000001c2dc433000 	C:\Users\Lukas\.openjfx\cache\17.0.1\api-ms-win-core-interlocked-l1-1-0.dll
0x000001c2dc440000 - 0x000001c2dc443000 	C:\Users\Lukas\.openjfx\cache\17.0.1\api-ms-win-core-libraryloader-l1-1-0.dll
0x000001c2dc450000 - 0x000001c2dc453000 	C:\Users\Lukas\.openjfx\cache\17.0.1\api-ms-win-core-localization-l1-2-0.dll
0x000001c2dc460000 - 0x000001c2dc463000 	C:\Users\Lukas\.openjfx\cache\17.0.1\api-ms-win-core-memory-l1-1-0.dll
0x000001c2dc470000 - 0x000001c2dc473000 	C:\Users\Lukas\.openjfx\cache\17.0.1\api-ms-win-core-namedpipe-l1-1-0.dll
0x000001c2dc480000 - 0x000001c2dc483000 	C:\Users\Lukas\.openjfx\cache\17.0.1\api-ms-win-core-processenvironment-l1-1-0.dll
0x000001c2dc490000 - 0x000001c2dc493000 	C:\Users\Lukas\.openjfx\cache\17.0.1\api-ms-win-core-processthreads-l1-1-0.dll
0x000001c2dc4a0000 - 0x000001c2dc4a3000 	C:\Users\Lukas\.openjfx\cache\17.0.1\api-ms-win-core-processthreads-l1-1-1.dll
0x000001c2dc4b0000 - 0x000001c2dc4b3000 	C:\Users\Lukas\.openjfx\cache\17.0.1\api-ms-win-core-profile-l1-1-0.dll
0x000001c2dc4c0000 - 0x000001c2dc4c3000 	C:\Users\Lukas\.openjfx\cache\17.0.1\api-ms-win-core-rtlsupport-l1-1-0.dll
0x000001c2dc4d0000 - 0x000001c2dc4d3000 	C:\Users\Lukas\.openjfx\cache\17.0.1\api-ms-win-core-string-l1-1-0.dll
0x000001c2dc4e0000 - 0x000001c2dc4e3000 	C:\Users\Lukas\.openjfx\cache\17.0.1\api-ms-win-core-synch-l1-1-0.dll
0x000001c2dc4f0000 - 0x000001c2dc4f3000 	C:\Users\Lukas\.openjfx\cache\17.0.1\api-ms-win-core-synch-l1-2-0.dll
0x000001c2dc500000 - 0x000001c2dc503000 	C:\Users\Lukas\.openjfx\cache\17.0.1\api-ms-win-core-sysinfo-l1-1-0.dll
0x000001c2dc510000 - 0x000001c2dc513000 	C:\Users\Lukas\.openjfx\cache\17.0.1\api-ms-win-core-timezone-l1-1-0.dll
0x000001c2dc520000 - 0x000001c2dc523000 	C:\Users\Lukas\.openjfx\cache\17.0.1\api-ms-win-core-util-l1-1-0.dll
0x000001c2dc530000 - 0x000001c2dc533000 	C:\Users\Lukas\.openjfx\cache\17.0.1\api-ms-win-crt-conio-l1-1-0.dll
0x000001c2dc540000 - 0x000001c2dc544000 	C:\Users\Lukas\.openjfx\cache\17.0.1\api-ms-win-crt-convert-l1-1-0.dll
0x000001c2dc550000 - 0x000001c2dc553000 	C:\Users\Lukas\.openjfx\cache\17.0.1\api-ms-win-crt-environment-l1-1-0.dll
0x000001c2dc560000 - 0x000001c2dc563000 	C:\Users\Lukas\.openjfx\cache\17.0.1\api-ms-win-crt-filesystem-l1-1-0.dll
0x000001c2dc570000 - 0x000001c2dc573000 	C:\Users\Lukas\.openjfx\cache\17.0.1\api-ms-win-crt-heap-l1-1-0.dll
0x000001c2dc580000 - 0x000001c2dc583000 	C:\Users\Lukas\.openjfx\cache\17.0.1\api-ms-win-crt-locale-l1-1-0.dll
0x000001c2dc590000 - 0x000001c2dc595000 	C:\Users\Lukas\.openjfx\cache\17.0.1\api-ms-win-crt-math-l1-1-0.dll
0x000001c2dc5a0000 - 0x000001c2dc5a5000 	C:\Users\Lukas\.openjfx\cache\17.0.1\api-ms-win-crt-multibyte-l1-1-0.dll
0x000001c2dc5b0000 - 0x000001c2dc5c0000 	C:\Users\Lukas\.openjfx\cache\17.0.1\api-ms-win-crt-private-l1-1-0.dll
0x000001c2dc5c0000 - 0x000001c2dc5c3000 	C:\Users\Lukas\.openjfx\cache\17.0.1\api-ms-win-crt-process-l1-1-0.dll
0x000001c2dc5d0000 - 0x000001c2dc5d4000 	C:\Users\Lukas\.openjfx\cache\17.0.1\api-ms-win-crt-runtime-l1-1-0.dll
0x000001c2dc5e0000 - 0x000001c2dc5e4000 	C:\Users\Lukas\.openjfx\cache\17.0.1\api-ms-win-crt-stdio-l1-1-0.dll
0x000001c2dc5f0000 - 0x000001c2dc5f4000 	C:\Users\Lukas\.openjfx\cache\17.0.1\api-ms-win-crt-string-l1-1-0.dll
0x000001c2dc600000 - 0x000001c2dc603000 	C:\Users\Lukas\.openjfx\cache\17.0.1\api-ms-win-crt-time-l1-1-0.dll
0x000001c2dc610000 - 0x000001c2dc613000 	C:\Users\Lukas\.openjfx\cache\17.0.1\api-ms-win-crt-utility-l1-1-0.dll
0x00007ffa0e0e0000 - 0x00007ffa0e1dc000 	C:\Users\Lukas\.openjfx\cache\17.0.1\ucrtbase.dll
0x00007ffa1f7b0000 - 0x00007ffa1f7ca000 	C:\Users\Lukas\.openjfx\cache\17.0.1\vcruntime140.dll
0x00007ffa1f860000 - 0x00007ffa1f86c000 	C:\Users\Lukas\.openjfx\cache\17.0.1\vcruntime140_1.dll
0x00007ffa0e050000 - 0x00007ffa0e0dd000 	C:\Users\Lukas\.openjfx\cache\17.0.1\msvcp140.dll
0x00007ffa1f400000 - 0x00007ffa1f42a000 	C:\Users\Lukas\.openjfx\cache\17.0.1\prism_d3d.dll
0x00007ffa1e4f0000 - 0x00007ffa1e6be000 	C:\WINDOWS\system32\d3d9.dll
0x00007ffa273d0000 - 0x00007ffa273ff000 	C:\WINDOWS\SYSTEM32\dwmapi.dll
0x00007ffa27190000 - 0x00007ffa2722e000 	C:\WINDOWS\system32\uxtheme.dll
0x00007ffa21370000 - 0x00007ffa21472000 	C:\WINDOWS\System32\DriverStore\FileRepository\nv_dispi.inf_amd64_1c83a5d7cffd7bff\nvldumdx.dll
0x00007ffa29350000 - 0x00007ffa29362000 	C:\WINDOWS\SYSTEM32\msasn1.dll
0x00007ffa23b50000 - 0x00007ffa23b81000 	C:\WINDOWS\SYSTEM32\cryptnet.dll
0x00007ffa29ec0000 - 0x00007ffa2a016000 	C:\WINDOWS\System32\CRYPT32.dll
0x00007ffa29130000 - 0x00007ffa2913c000 	C:\WINDOWS\SYSTEM32\cryptbase.dll
0x00007ffa29db0000 - 0x00007ffa29e10000 	C:\WINDOWS\System32\WINTRUST.DLL
0x00007ffa2aa60000 - 0x00007ffa2aa7d000 	C:\WINDOWS\System32\imagehlp.dll
0x00007ffa29110000 - 0x00007ffa29128000 	C:\WINDOWS\SYSTEM32\CRYPTSP.dll
0x00007ffa287d0000 - 0x00007ffa28804000 	C:\WINDOWS\system32\rsaenh.dll
0x00007ffa29d80000 - 0x00007ffa29da7000 	C:\WINDOWS\System32\bcrypt.dll
0x00007ff9dbd90000 - 0x00007ff9dd7ab000 	C:\WINDOWS\System32\DriverStore\FileRepository\nv_dispi.inf_amd64_1c83a5d7cffd7bff\nvd3dumx.dll
0x00007ffa11900000 - 0x00007ffa11942000 	C:\Users\Lukas\.openjfx\cache\17.0.1\glass.dll
0x00007ffa2bb60000 - 0x00007ffa2bc3a000 	C:\WINDOWS\System32\COMDLG32.dll
0x00007ffa2b4e0000 - 0x00007ffa2b60a000 	C:\WINDOWS\System32\ole32.dll
0x00007ffa2b850000 - 0x00007ffa2b91d000 	C:\WINDOWS\System32\OLEAUT32.dll
0x00007ffa2ace0000 - 0x00007ffa2adf5000 	C:\WINDOWS\System32\MSCTF.dll
0x00007ff9f4b80000 - 0x00007ff9f4e41000 	C:\WINDOWS\system32\nvspcap64.dll
0x00007ffa28460000 - 0x00007ffa28493000 	C:\WINDOWS\SYSTEM32\ntmarta.dll
0x00007ffa28030000 - 0x00007ffa28053000 	C:\WINDOWS\SYSTEM32\gpapi.dll
0x00007ffa21790000 - 0x00007ffa217cb000 	C:\WINDOWS\SYSTEM32\dxcore.dll
0x00007ffa2a020000 - 0x00007ffa2a06e000 	C:\WINDOWS\System32\cfgmgr32.dll
0x00007ffa29670000 - 0x00007ffa2969e000 	C:\WINDOWS\SYSTEM32\USERENV.dll
0x00007ffa28bc0000 - 0x00007ffa28bfb000 	C:\WINDOWS\SYSTEM32\IPHLPAPI.DLL
0x00007ffa2ae00000 - 0x00007ffa2ae08000 	C:\WINDOWS\System32\NSI.dll
0x00007ffa23b90000 - 0x00007ffa23ba7000 	C:\WINDOWS\SYSTEM32\dhcpcsvc6.DLL
0x00007ffa23ae0000 - 0x00007ffa23afd000 	C:\WINDOWS\SYSTEM32\dhcpcsvc.DLL
0x00007ffa28c00000 - 0x00007ffa28ccb000 	C:\WINDOWS\SYSTEM32\DNSAPI.dll
0x0000000061440000 - 0x000000006156b000 	C:\Users\Lukas\AppData\Local\Temp\Aparapi15629374812745070960\libgcc_s_seh-1.dll
0x000000006fc40000 - 0x00000000714f5000 	C:\Users\Lukas\AppData\Local\Temp\Aparapi3889865215701666200\libstdc++-6.dll
0x0000000064500000 - 0x0000000064945000 	C:\Users\Lukas\AppData\Local\Temp\Aparapi7426576295061854817\libaparapi.dll
0x00007ffa0df60000 - 0x00007ffa0dfd1000 	C:\WINDOWS\SYSTEM32\OpenCL.dll
0x00007ff9c8850000 - 0x00007ff9cae32000 	C:\WINDOWS\System32\DriverStore\FileRepository\nv_dispi.inf_amd64_1c83a5d7cffd7bff\nvopencl64.dll

dbghelp: loaded successfully - version: 4.0.5 - missing functions: none
symbol engine: initialized successfully - sym options: 0x614 - pdb path: .;C:\Users\Lukas\.jdks\openjdk-17.0.1\bin;C:\WINDOWS\SYSTEM32;C:\WINDOWS\WinSxS\amd64_microsoft.windows.common-controls_6595b64144ccf1df_6.0.19041.1110_none_60b5254171f9507e;C:\Users\Lukas\.jdks\openjdk-17.0.1\bin\server;C:\Program Files\JetBrains\IntelliJ IDEA 2019.3.4\bin;C:\Users\Lukas\.openjfx\cache\17.0.1;C:\WINDOWS\System32\DriverStore\FileRepository\nv_dispi.inf_amd64_1c83a5d7cffd7bff;C:\Users\Lukas\AppData\Local\Temp\Aparapi15629374812745070960;C:\Users\Lukas\AppData\Local\Temp\Aparapi3889865215701666200;C:\Users\Lukas\AppData\Local\Temp\Aparapi7426576295061854817;C:\Program Files\Common Files\Microsoft Shared\Ink

VM Arguments:
jvm_args: -javaagent:C:\Program Files\JetBrains\IntelliJ IDEA 2019.3.4\lib\idea_rt.jar=55749:C:\Program Files\JetBrains\IntelliJ IDEA 2019.3.4\bin -Dfile.encoding=UTF-8 --module-path=C:\Users\Lukas\.m2\repository\com\aparapi\aparapi\3.0.0\aparapi-3.0.0.jar;C:\Users\Lukas\.m2\repository\org\kordamp\bootstrapfx\bootstrapfx-core\0.4.0\bootstrapfx-core-0.4.0.jar;C:\Users\Lukas\IdeaProjects\KAO\target\classes;C:\Users\Lukas\.m2\repository\org\controlsfx\controlsfx\11.1.0\controlsfx-11.1.0.jar;C:\Users\Lukas\.m2\repository\org\openjfx\javafx-controls\17.0.1\javafx-controls-17.0.1-win.jar;C:\Users\Lukas\.m2\repository\org\openjfx\javafx-fxml\17.0.1\javafx-fxml-17.0.1-win.jar;C:\Users\Lukas\.m2\repository\org\openjfx\javafx-graphics\17.0.1\javafx-graphics-17.0.1-win.jar;C:\Users\Lukas\.m2\repository\com\dlsc\formsfx\formsfx-core\11.3.2\formsfx-core-11.3.2.jar;C:\Users\Lukas\.m2\repository\org\openjfx\javafx-base\17.0.1\javafx-base-17.0.1-win.jar -Djdk.module.main=kao.mandelbrot.kao 
java_command: kao.mandelbrot.kao/kao.gameOfLife.GameOfLife
java_class_path (initial): C:\Users\Lukas\.m2\repository\org\jocl\jocl\2.0.4\jocl-2.0.4.jar;C:\Users\Lukas\.m2\repository\com\aparapi\aparapi-jni\1.4.3\aparapi-jni-1.4.3.jar;C:\Users\Lukas\.m2\repository\org\apache\bcel\bcel\6.5.0\bcel-6.5.0.jar;C:\Users\Lukas\.m2\repository\org\scala-lang\scala-library\2.13.6\scala-library-2.13.6.jar;C:\Users\Lukas\.m2\repository\org\openjfx\javafx-controls\17.0.1\javafx-controls-17.0.1.jar;C:\Users\Lukas\.m2\repository\org\openjfx\javafx-graphics\17.0.1\javafx-graphics-17.0.1.jar;C:\Users\Lukas\.m2\repository\org\openjfx\javafx-base\17.0.1\javafx-base-17.0.1.jar;C:\Users\Lukas\.m2\repository\org\openjfx\javafx-fxml\17.0.1\javafx-fxml-17.0.1.jar
Launcher Type: SUN_STANDARD

[Global flags]
     intx CICompilerCount                          = 4                                         {product} {ergonomic}
     uint ConcGCThreads                            = 3                                         {product} {ergonomic}
     uint G1ConcRefinementThreads                  = 10                                        {product} {ergonomic}
   size_t G1HeapRegionSize                         = 4194304                                   {product} {ergonomic}
    uintx GCDrainStackTargetSize                   = 64                                        {product} {ergonomic}
   size_t InitialHeapSize                          = 536870912                                 {product} {ergonomic}
   size_t MarkStackSize                            = 4194304                                   {product} {ergonomic}
   size_t MaxHeapSize                              = 8568963072                                {product} {ergonomic}
   size_t MaxNewSize                               = 5138022400                                {product} {ergonomic}
   size_t MinHeapDeltaBytes                        = 4194304                                   {product} {ergonomic}
   size_t MinHeapSize                              = 8388608                                   {product} {ergonomic}
    uintx NonNMethodCodeHeapSize                   = 5839372                                {pd product} {ergonomic}
    uintx NonProfiledCodeHeapSize                  = 122909434                              {pd product} {ergonomic}
    uintx ProfiledCodeHeapSize                     = 122909434                              {pd product} {ergonomic}
    uintx ReservedCodeCacheSize                    = 251658240                              {pd product} {ergonomic}
     bool SegmentedCodeCache                       = true                                      {product} {ergonomic}
   size_t SoftMaxHeapSize                          = 8568963072                             {manageable} {ergonomic}
     bool UseCompressedClassPointers               = true                           {product lp64_product} {ergonomic}
     bool UseCompressedOops                        = true                           {product lp64_product} {ergonomic}
     bool UseG1GC                                  = true                                      {product} {ergonomic}
     bool UseLargePagesIndividualAllocation        = false                                  {pd product} {ergonomic}

Logging:
Log output configuration:
 #0: stdout all=warning uptime,level,tags
 #1: stderr all=off uptime,level,tags

Environment Variables:
JAVA_HOME=C:\Program Files\JetBrains\IntelliJ IDEA 2019.3.4\jbr
PATH=C:\Python39\Scripts\;C:\Python39\;C:\Program Files (x86)\Common Files\Oracle\Java\javapath;C:\Windows\system32;C:\Windows;C:\Windows\System32\Wbem;C:\Windows\System32\WindowsPowerShell\v1.0\;C:\Windows\System32\OpenSSH\;C:\Program Files (x86)\NVIDIA Corporation\PhysX\Common;C:\Program Files\NVIDIA Corporation\NVIDIA NvDLISR;C:\Program Files\Git\cmd;C:\WINDOWS\system32;C:\WINDOWS;C:\WINDOWS\System32\Wbem;C:\WINDOWS\System32\WindowsPowerShell\v1.0\;C:\WINDOWS\System32\OpenSSH\;C:\Program Files\nodejs\;C:\ProgramData\chocolatey\bin;C:\Program Files\dotnet\;C:\Program Files\Microsoft SQL Server\130\Tools\Binn\;C:\Program Files\Microsoft SQL Server\Client SDK\ODBC\170\Tools\Binn\;C:\Program Files\Git\mingw64\bin\;C:\Program Files\gnuplot\bin;C:\Users\Lukas\AppData\Local\Microsoft\WindowsApps;C:\Program Files\JetBrains\IntelliJ IDEA 2019.3.4\jbr;C:\Program Files\JetBrains\IntelliJ IDEA 2019.3.4\bin;;C:\Users\Lukas\AppData\Local\Programs\MiKTeX 2.9\miktex\bin\x64\;C:\Users\Lukas\AppData\Local\Programs\Microsoft VS Code\bin;C:\Users\Lukas\AppData\Roaming\npm;C:\Users\Lukas\.dotnet\tools;C:\Program Files\JetBrains\CLion 2021.2.3\bin;;
USERNAME=Lukas
OS=Windows_NT
PROCESSOR_IDENTIFIER=Intel64 Family 6 Model 158 Stepping 10, GenuineIntel



---------------  S Y S T E M  ---------------

OS:
 Windows 10 , 64 bit Build 19041 (10.0.19041.1348)
OS uptime: 0 days 21:58 hours

CPU: total 12 (initial active 12) (6 cores per cpu, 2 threads per core) family 6 model 158 stepping 10 microcode 0xb4, cx8, cmov, fxsr, ht, mmx, 3dnowpref, sse, sse2, sse3, ssse3, sse4.1, sse4.2, popcnt, lzcnt, tsc, tscinvbit, avx, avx2, aes, erms, clmul, bmi1, bmi2, rtm, adx, fma, vzeroupper, clflush, clflushopt

Memory: 4k page, system-wide physical 32687M (24119M free)
TotalPageFile size 37551M (AvailPageFile size 26089M)
current process WorkingSet (physical memory assigned to process): 246M, peak: 253M
current process commit charge ("private bytes"): 936M, peak: 936M

vm_info: OpenJDK 64-Bit Server VM (17.0.1+12-39) for windows-amd64 JRE (17.0.1+12-39), built on Sep 27 2021 18:39:29 by "mach5one" with MS VC++ 16.8 (VS2019)

END.
