#
# A fatal error has been detected by the Java Runtime Environment:
#
#  EXCEPTION_ACCESS_VIOLATION (0xc0000005) at pc=0x00007ffa2b39f8b6, pid=18976, tid=1908
#
# JRE version: OpenJDK Runtime Environment (17.0.1+12) (build 17.0.1+12-39)
# Java VM: OpenJDK 64-Bit Server VM (17.0.1+12-39, mixed mode, sharing, tiered, compressed oops, compressed class ptrs, g1 gc, windows-amd64)
# Problematic frame:
# C  [msvcrt.dll+0x4f8b6]
#
# No core dump will be written. Minidumps are not enabled by default on client versions of Windows
#
# If you would like to submit a bug report, please visit:
#   https://bugreport.java.com/bugreport/crash.jsp
# The crash happened outside the Java Virtual Machine in native code.
# See problematic frame for where to report the bug.
#

---------------  S U M M A R Y ------------

Command Line: -javaagent:C:\Program Files\JetBrains\IntelliJ IDEA 2019.3.4\lib\idea_rt.jar=55845:C:\Program Files\JetBrains\IntelliJ IDEA 2019.3.4\bin -Dfile.encoding=UTF-8 --module-path=C:\Users\Lukas\.m2\repository\com\aparapi\aparapi\3.0.0\aparapi-3.0.0.jar;C:\Users\Lukas\.m2\repository\org\kordamp\bootstrapfx\bootstrapfx-core\0.4.0\bootstrapfx-core-0.4.0.jar;C:\Users\Lukas\IdeaProjects\KAO\target\classes;C:\Users\Lukas\.m2\repository\org\controlsfx\controlsfx\11.1.0\controlsfx-11.1.0.jar;C:\Users\Lukas\.m2\repository\org\openjfx\javafx-controls\17.0.1\javafx-controls-17.0.1-win.jar;C:\Users\Lukas\.m2\repository\org\openjfx\javafx-fxml\17.0.1\javafx-fxml-17.0.1-win.jar;C:\Users\Lukas\.m2\repository\org\openjfx\javafx-graphics\17.0.1\javafx-graphics-17.0.1-win.jar;C:\Users\Lukas\.m2\repository\com\dlsc\formsfx\formsfx-core\11.3.2\formsfx-core-11.3.2.jar;C:\Users\Lukas\.m2\repository\org\openjfx\javafx-base\17.0.1\javafx-base-17.0.1-win.jar -Djdk.module.main=kao.mandelbrot.kao kao.mandelbrot.kao/kao.rauschfilter.Rauschfilter

Host: Intel(R) Core(TM) i7-8700K CPU @ 3.70GHz, 12 cores, 31G,  Windows 10 , 64 bit Build 19041 (10.0.19041.1348)
Time: Thu Dec 16 16:46:54 2021 Mitteleuropäische Zeit elapsed time: 1.044155 seconds (0d 0h 0m 1s)

---------------  T H R E A D  ---------------

Current thread (0x0000018195c0c7a0):  JavaThread "JavaFX Application Thread" [_thread_in_native, id=1908, stack(0x0000000101f00000,0x0000000102000000)]

Stack: [0x0000000101f00000,0x0000000102000000],  sp=0x0000000101ffd7c0,  free space=1013k
Native frames: (J=compiled Java code, j=interpreted, Vv=VM code, C=native code)
C  [msvcrt.dll+0x4f8b6]
C  [msvcrt.dll+0x475cb]
C  [libaparapi.dll+0x7cf9]

Java frames: (J=compiled Java code, j=interpreted, Vv=VM code)
j  com.aparapi.internal.jni.KernelRunnerJNI.runKernelJNI(JLcom/aparapi/Range;ZILjava/nio/ByteBuffer;Ljava/nio/ByteBuffer;)I+0 aparapi@3.0.0
j  com.aparapi.internal.kernel.KernelRunner.executeOpenCL(Lcom/aparapi/device/Device;Lcom/aparapi/internal/kernel/KernelRunner$ExecutionSettings;)Lcom/aparapi/Kernel;+96 aparapi@3.0.0
j  com.aparapi.internal.kernel.KernelRunner.executeInternalInner(Lcom/aparapi/internal/kernel/KernelRunner$ExecutionSettings;Lcom/aparapi/device/Device;Z)Lcom/aparapi/Kernel;+3592 aparapi@3.0.0
j  com.aparapi.internal.kernel.KernelRunner.executeInternalOuter(Lcom/aparapi/internal/kernel/KernelRunner$ExecutionSettings;)Lcom/aparapi/Kernel;+4 aparapi@3.0.0
j  com.aparapi.internal.kernel.KernelRunner.execute(Ljava/lang/String;Lcom/aparapi/Range;I)Lcom/aparapi/Kernel;+78 aparapi@3.0.0
j  com.aparapi.Kernel.execute(Ljava/lang/String;Lcom/aparapi/Range;I)Lcom/aparapi/Kernel;+7 aparapi@3.0.0
j  com.aparapi.Kernel.execute(Lcom/aparapi/Range;I)Lcom/aparapi/Kernel;+5 aparapi@3.0.0
j  com.aparapi.Kernel.execute(Lcom/aparapi/Range;)Lcom/aparapi/Kernel;+3 aparapi@3.0.0
j  kao.rauschfilter.Rauschfilter.start(Ljavafx/stage/Stage;)V+93 kao.mandelbrot.kao
j  com.sun.javafx.application.LauncherImpl.lambda$launchApplication1$9(Ljava/util/concurrent/atomic/AtomicBoolean;Ljavafx/application/Application;)V+20 javafx.graphics
j  com.sun.javafx.application.LauncherImpl$$Lambda$128+0x0000000800c81458.run()V+8 javafx.graphics
j  com.sun.javafx.application.PlatformImpl.lambda$runAndWait$12(Ljava/lang/Runnable;Ljava/util/concurrent/CountDownLatch;)V+1 javafx.graphics
j  com.sun.javafx.application.PlatformImpl$$Lambda$109+0x0000000800c84000.run()V+8 javafx.graphics
j  com.sun.javafx.application.PlatformImpl.lambda$runLater$10(Ljava/lang/Runnable;)Ljava/lang/Void;+1 javafx.graphics
j  com.sun.javafx.application.PlatformImpl$$Lambda$111+0x0000000800c85270.run()Ljava/lang/Object;+4 javafx.graphics
J 897 c1 java.security.AccessController.executePrivileged(Ljava/security/PrivilegedAction;Ljava/security/AccessControlContext;Ljava/lang/Class;)Ljava/lang/Object; java.base@17.0.1 (65 bytes) @ 0x00000181ef27643c [0x00000181ef2762e0+0x000000000000015c]
j  java.security.AccessController.doPrivileged(Ljava/security/PrivilegedAction;Ljava/security/AccessControlContext;)Ljava/lang/Object;+13 java.base@17.0.1
j  com.sun.javafx.application.PlatformImpl.lambda$runLater$11(Ljava/lang/Runnable;Ljava/security/AccessControlContext;)V+7 javafx.graphics
j  com.sun.javafx.application.PlatformImpl$$Lambda$110+0x0000000800c849f0.run()V+8 javafx.graphics
j  com.sun.glass.ui.InvokeLaterDispatcher$Future.run()V+4 javafx.graphics
v  ~StubRoutines::call_stub
j  com.sun.glass.ui.win.WinApplication._runLoop(Ljava/lang/Runnable;)V+0 javafx.graphics
j  com.sun.glass.ui.win.WinApplication.lambda$runLoop$3(ILjava/lang/Runnable;)V+8 javafx.graphics
j  com.sun.glass.ui.win.WinApplication$$Lambda$99+0x0000000800c2d650.run()V+12 javafx.graphics
j  java.lang.Thread.run()V+11 java.base@17.0.1
v  ~StubRoutines::call_stub

siginfo: EXCEPTION_ACCESS_VIOLATION (0xc0000005), reading address 0x0000000000000001


Register to memory mapping:

RIP=0x00007ffa2b39f8b6 msvcrt.dll
RAX=0x0000000000000001 is an unknown value
RBX=0x0000000000000001 is an unknown value
RCX=0x000000007ffffffe is an unknown value
RDX=0x0000000000000073 is an unknown value
RSP=0x0000000101ffd7c0 is pointing into the stack for thread: 0x0000018195c0c7a0
RBP=0x0000000101ffd8c0 is pointing into the stack for thread: 0x0000018195c0c7a0
RSI=0x000000006451f1b7 libaparapi.dll
RDI=0x0000000000000073 is an unknown value
R8 =0xffffffffffffffff is an unknown value
R9 =0x0000000000000007 is an unknown value
R10=0x0 is NULL
R11=0x0000000000000200 is an unknown value
R12=0x00000000ffffffff is an unknown value
R13=0x0000000101ffdb40 is pointing into the stack for thread: 0x0000018195c0c7a0
R14=0x0000000000000061 is an unknown value
R15=0x0 is NULL


Registers:
RAX=0x0000000000000001, RBX=0x0000000000000001, RCX=0x000000007ffffffe, RDX=0x0000000000000073
RSP=0x0000000101ffd7c0, RBP=0x0000000101ffd8c0, RSI=0x000000006451f1b7, RDI=0x0000000000000073
R8 =0xffffffffffffffff, R9 =0x0000000000000007, R10=0x0000000000000000, R11=0x0000000000000200
R12=0x00000000ffffffff, R13=0x0000000101ffdb40, R14=0x0000000000000061, R15=0x0000000000000000
RIP=0x00007ffa2b39f8b6, EFLAGS=0x0000000000010202

Top of Stack: (sp=0x0000000101ffd7c0)
0x0000000101ffd7c0:   000001819ac241a0 00000000ffffffaf
0x0000000101ffd7d0:   0000000000000051 0000000000000010
0x0000000101ffd7e0:   0000000000000004 00000181e5320000
0x0000000101ffd7f0:   0000000000000002 00007ffa2c07b44d
0x0000000101ffd800:   0000018100000061 0000005100000000
0x0000000101ffd810:   0000000000000000 0000000700000000
0x0000000101ffd820:   0000000000000000 00007ffa2b3dfa60
0x0000000101ffd830:   000021ee04239bd7 0000000000000000
0x0000000101ffd840:   000000006451f1b7 0000000101ffda90
0x0000000101ffd850:   00007ffa2b3df0a0 00000181e5324340
0x0000000101ffd860:   00000181e53293a0 000001819ac24101
0x0000000101ffd870:   0000000064521fe0 00007ffa2c075ba1
0x0000000101ffd880:   00000022c0000027 0000000000000000
0x0000000101ffd890:   00007ffa29834f69 0000018100000004
0x0000000101ffd8a0:   000001819ac24130 0000000101ffdb20
0x0000000101ffd8b0:   0000000064507c42 0000000000000002 

Instructions: (pc=0x00007ffa2b39f8b6)
0x00007ffa2b39f7b6:   f7 c7 30 08 00 00 75 05 41 0f ba ef 0b 49 83 c5
0x00007ffa2b39f7c6:   08 41 f7 c7 10 08 00 00 74 27 45 0f b7 4d f8 48
0x00007ffa2b39f7d6:   8d 55 b0 4d 8b c3 48 8d 4c 24 4c e8 ba 64 fb ff
0x00007ffa2b39f7e6:   45 33 d2 85 c0 74 19 c7 44 24 58 01 00 00 00 eb
0x00007ffa2b39f7f6:   0f 41 8a 45 f8 88 45 b0 c7 44 24 4c 01 00 00 00
0x00007ffa2b39f806:   48 8d 5d b0 e9 4a 03 00 00 c7 44 24 64 01 00 00
0x00007ffa2b39f816:   00 40 80 c7 20 41 83 cf 40 48 8d 5d b0 45 8b f3
0x00007ffa2b39f826:   45 85 e4 0f 89 34 02 00 00 41 bc 06 00 00 00 e9
0x00007ffa2b39f836:   78 02 00 00 40 80 ff 67 7e db 40 80 ff 69 0f 84
0x00007ffa2b39f846:   fb 00 00 00 40 80 ff 6e 0f 84 bd 00 00 00 40 80
0x00007ffa2b39f856:   ff 6f 0f 84 a3 00 00 00 40 80 ff 70 74 69 40 80
0x00007ffa2b39f866:   ff 73 0f 84 01 ff ff ff 40 80 ff 75 0f 84 d1 00
0x00007ffa2b39f876:   00 00 40 80 ff 78 0f 85 d7 02 00 00 b8 27 00 00
0x00007ffa2b39f886:   00 eb 54 ff c9 66 44 39 10 74 08 48 83 c0 02 85
0x00007ffa2b39f896:   c9 75 f0 48 2b c3 48 d1 f8 eb 23 48 85 db 48 8d
0x00007ffa2b39f8a6:   05 71 c7 02 00 48 0f 45 c3 48 8b d8 eb 0a ff c9
0x00007ffa2b39f8b6:   44 38 10 74 07 48 ff c0 85 c9 75 f2 2b c3 89 44
0x00007ffa2b39f8c6:   24 4c e9 8c 02 00 00 41 bc 10 00 00 00 41 0f ba
0x00007ffa2b39f8d6:   ef 0f b8 07 00 00 00 89 44 24 60 45 84 ff 79 13
0x00007ffa2b39f8e6:   04 51 c6 44 24 44 30 88 44 24 45 c7 44 24 48 02
0x00007ffa2b39f8f6:   00 00 00 41 ba 10 00 00 00 eb 4e 41 ba 08 00 00
0x00007ffa2b39f906:   00 45 84 ff 79 43 45 0b fb eb 3e 49 8b 7d 00 49
0x00007ffa2b39f916:   83 c5 08 e8 36 fa ff ff 45 33 d2 85 c0 0f 84 b4
0x00007ffa2b39f926:   05 00 00 41 f6 c7 20 74 06 66 44 89 37 eb 03 44
0x00007ffa2b39f936:   89 37 c7 44 24 58 01 00 00 00 e9 59 03 00 00 41
0x00007ffa2b39f946:   83 cf 40 41 ba 0a 00 00 00 49 83 c5 08 41 0f ba
0x00007ffa2b39f956:   e7 0f 72 07 41 0f ba e7 0c 73 06 49 8b 45 f8 eb
0x00007ffa2b39f966:   2c 41 8b c7 83 e0 40 41 f6 c7 20 74 12 85 c0 74
0x00007ffa2b39f976:   07 49 0f bf 45 f8 eb 15 41 0f b7 45 f8 eb 0e 85
0x00007ffa2b39f986:   c0 74 06 49 63 45 f8 eb 04 41 8b 45 f8 41 f6 c7
0x00007ffa2b39f996:   40 74 0d 48 85 c0 79 08 48 f7 d8 41 0f ba ef 08
0x00007ffa2b39f9a6:   41 f7 c7 00 90 00 00 44 8b c0 bf 00 02 00 00 4c 


Stack slot to memory mapping:
stack at sp + 0 slots: 0x000001819ac241a0 points into unknown readable memory: 0x6f206c656e72654b | 4b 65 72 6e 65 6c 20 6f
stack at sp + 1 slots: 0x00000000ffffffaf is an unknown value
stack at sp + 2 slots: 0x0000000000000051 is an unknown value
stack at sp + 3 slots: 0x0000000000000010 is an unknown value
stack at sp + 4 slots: 0x0000000000000004 is an unknown value
stack at sp + 5 slots: 0x00000181e5320000 points into unknown readable memory: 0x0000000000000000 | 00 00 00 00 00 00 00 00
stack at sp + 6 slots: 0x0000000000000002 is an unknown value
stack at sp + 7 slots: 0x00007ffa2c07b44d ntdll.dll


---------------  P R O C E S S  ---------------

Threads class SMR info:
_java_thread_list=0x0000018194941a20, length=18, elements={
0x00000181e73849a0, 0x00000181ffd8e300, 0x00000181948040b0, 0x0000018194812b00,
0x00000181948141e0, 0x00000181948167c0, 0x0000018194816c90, 0x000001819481c560,
0x000001819481cb20, 0x000001819481f850, 0x00000181ffd79f60, 0x0000018194f272a0,
0x0000018195116700, 0x000001819552eaa0, 0x00000181952d6580, 0x0000018195c0c7a0,
0x0000018195c299b0, 0x0000018195c29e80
}

Java Threads: ( => current thread )
  0x00000181e73849a0 JavaThread "main" [_thread_blocked, id=14868, stack(0x0000000100600000,0x0000000100700000)]
  0x00000181ffd8e300 JavaThread "Reference Handler" daemon [_thread_blocked, id=4744, stack(0x0000000100d00000,0x0000000100e00000)]
  0x00000181948040b0 JavaThread "Finalizer" daemon [_thread_blocked, id=6168, stack(0x0000000100e00000,0x0000000100f00000)]
  0x0000018194812b00 JavaThread "Signal Dispatcher" daemon [_thread_blocked, id=15820, stack(0x0000000100f00000,0x0000000101000000)]
  0x00000181948141e0 JavaThread "Attach Listener" daemon [_thread_blocked, id=8760, stack(0x0000000101000000,0x0000000101100000)]
  0x00000181948167c0 JavaThread "Service Thread" daemon [_thread_blocked, id=12740, stack(0x0000000101100000,0x0000000101200000)]
  0x0000018194816c90 JavaThread "Monitor Deflation Thread" daemon [_thread_blocked, id=1880, stack(0x0000000101200000,0x0000000101300000)]
  0x000001819481c560 JavaThread "C2 CompilerThread0" daemon [_thread_blocked, id=2204, stack(0x0000000101300000,0x0000000101400000)]
  0x000001819481cb20 JavaThread "C1 CompilerThread0" daemon [_thread_blocked, id=13860, stack(0x0000000101400000,0x0000000101500000)]
  0x000001819481f850 JavaThread "Sweeper thread" daemon [_thread_blocked, id=3140, stack(0x0000000101500000,0x0000000101600000)]
  0x00000181ffd79f60 JavaThread "Common-Cleaner" daemon [_thread_blocked, id=12176, stack(0x0000000101600000,0x0000000101700000)]
  0x0000018194f272a0 JavaThread "Monitor Ctrl-Break" daemon [_thread_in_native, id=6008, stack(0x0000000101900000,0x0000000101a00000)]
  0x0000018195116700 JavaThread "Notification Thread" daemon [_thread_blocked, id=18832, stack(0x0000000101a00000,0x0000000101b00000)]
  0x000001819552eaa0 JavaThread "QuantumRenderer-0" daemon [_thread_blocked, id=8628, stack(0x0000000101c00000,0x0000000101d00000)]
  0x00000181952d6580 JavaThread "InvokeLaterDispatcher" daemon [_thread_blocked, id=14560, stack(0x0000000101e00000,0x0000000101f00000)]
=>0x0000018195c0c7a0 JavaThread "JavaFX Application Thread" [_thread_in_native, id=1908, stack(0x0000000101f00000,0x0000000102000000)]
  0x0000018195c299b0 JavaThread "Thread-1" daemon [_thread_in_native, id=736, stack(0x0000000102110000,0x0000000102210000)]
  0x0000018195c29e80 JavaThread "JavaFX-Launcher" [_thread_blocked, id=11436, stack(0x0000000102210000,0x0000000102310000)]

Other Threads:
  0x00000181ffd8af40 VMThread "VM Thread" [stack: 0x0000000100c00000,0x0000000100d00000] [id=17432]
  0x0000018195245300 WatcherThread [stack: 0x0000000101b00000,0x0000000101c00000] [id=10904]
  0x00000181e73fad70 GCTaskThread "GC Thread#0" [stack: 0x0000000100700000,0x0000000100800000] [id=13600]
  0x0000018195dff1d0 GCTaskThread "GC Thread#1" [stack: 0x0000000102310000,0x0000000102410000] [id=6684]
  0x000001819600dc50 GCTaskThread "GC Thread#2" [stack: 0x0000000102410000,0x0000000102510000] [id=8780]
  0x0000018195c2abe0 GCTaskThread "GC Thread#3" [stack: 0x0000000102510000,0x0000000102610000] [id=18180]
  0x0000018196012740 GCTaskThread "GC Thread#4" [stack: 0x0000000102610000,0x0000000102710000] [id=15752]
  0x0000018196019a60 GCTaskThread "GC Thread#5" [stack: 0x0000000102710000,0x0000000102810000] [id=18804]
  0x0000018195fe9f90 GCTaskThread "GC Thread#6" [stack: 0x0000000102810000,0x0000000102910000] [id=5760]
  0x0000018195feaa50 GCTaskThread "GC Thread#7" [stack: 0x0000000102910000,0x0000000102a10000] [id=16944]
  0x0000018195fe9220 GCTaskThread "GC Thread#8" [stack: 0x0000000102a10000,0x0000000102b10000] [id=7312]
  0x0000018195fe94d0 GCTaskThread "GC Thread#9" [stack: 0x0000000102b10000,0x0000000102c10000] [id=18904]
  0x00000181e528df20 ConcurrentGCThread "G1 Main Marker" [stack: 0x0000000100800000,0x0000000100900000] [id=8912]
  0x00000181e528e840 ConcurrentGCThread "G1 Conc#0" [stack: 0x0000000100900000,0x0000000100a00000] [id=17776]
  0x00000181ffc3e710 ConcurrentGCThread "G1 Refine#0" [stack: 0x0000000100a00000,0x0000000100b00000] [id=13804]
  0x00000181ffc40c60 ConcurrentGCThread "G1 Service" [stack: 0x0000000100b00000,0x0000000100c00000] [id=1952]

Threads with active compile tasks:

VM state: not at safepoint (normal execution)

VM Mutex/Monitor currently owned by a thread: None

Heap address: 0x0000000601400000, size: 8172 MB, Compressed Oops mode: Zero based, Oop shift amount: 3

CDS archive(s) mapped at: [0x0000000800000000-0x0000000800bc0000-0x0000000800bc0000), size 12320768, SharedBaseAddress: 0x0000000800000000, ArchiveRelocationMode: 0.
Compressed class space mapped at: 0x0000000800c00000-0x0000000840c00000, reserved size: 1073741824
Narrow klass base: 0x0000000800000000, Narrow klass shift: 0, Narrow klass range: 0x100000000

GC Precious Log:
 CPUs: 12 total, 12 available
 Memory: 32687M
 Large Page Support: Disabled
 NUMA Support: Disabled
 Compressed Oops: Enabled (Zero based)
 Heap Region Size: 4M
 Heap Min Capacity: 8M
 Heap Initial Capacity: 512M
 Heap Max Capacity: 8172M
 Pre-touch: Disabled
 Parallel Workers: 10
 Concurrent Workers: 3
 Concurrent Refinement Workers: 10
 Periodic GC: Disabled

Heap:
 garbage-first heap   total 524288K, used 19592K [0x0000000601400000, 0x0000000800000000)
  region size 4096K, 6 young (24576K), 1 survivors (4096K)
 Metaspace       used 8191K, committed 8384K, reserved 1056768K
  class space    used 1135K, committed 1216K, reserved 1048576K

Heap Regions: E=young(eden), S=young(survivor), O=old, HS=humongous(starts), HC=humongous(continues), CS=collection set, F=free, OA=open archive, CA=closed archive, TAMS=top-at-mark-start (previous, next)
|   0|0x0000000601400000, 0x0000000601400000, 0x0000000601800000|  0%| F|  |TAMS 0x0000000601400000, 0x0000000601400000| Untracked 
|   1|0x0000000601800000, 0x0000000601800000, 0x0000000601c00000|  0%| F|  |TAMS 0x0000000601800000, 0x0000000601800000| Untracked 
|   2|0x0000000601c00000, 0x0000000601c00000, 0x0000000602000000|  0%| F|  |TAMS 0x0000000601c00000, 0x0000000601c00000| Untracked 
|   3|0x0000000602000000, 0x0000000602000000, 0x0000000602400000|  0%| F|  |TAMS 0x0000000602000000, 0x0000000602000000| Untracked 
|   4|0x0000000602400000, 0x0000000602400000, 0x0000000602800000|  0%| F|  |TAMS 0x0000000602400000, 0x0000000602400000| Untracked 
|   5|0x0000000602800000, 0x0000000602800000, 0x0000000602c00000|  0%| F|  |TAMS 0x0000000602800000, 0x0000000602800000| Untracked 
|   6|0x0000000602c00000, 0x0000000602c00000, 0x0000000603000000|  0%| F|  |TAMS 0x0000000602c00000, 0x0000000602c00000| Untracked 
|   7|0x0000000603000000, 0x0000000603000000, 0x0000000603400000|  0%| F|  |TAMS 0x0000000603000000, 0x0000000603000000| Untracked 
|   8|0x0000000603400000, 0x0000000603400000, 0x0000000603800000|  0%| F|  |TAMS 0x0000000603400000, 0x0000000603400000| Untracked 
|   9|0x0000000603800000, 0x0000000603800000, 0x0000000603c00000|  0%| F|  |TAMS 0x0000000603800000, 0x0000000603800000| Untracked 
|  10|0x0000000603c00000, 0x0000000603c00000, 0x0000000604000000|  0%| F|  |TAMS 0x0000000603c00000, 0x0000000603c00000| Untracked 
|  11|0x0000000604000000, 0x0000000604000000, 0x0000000604400000|  0%| F|  |TAMS 0x0000000604000000, 0x0000000604000000| Untracked 
|  12|0x0000000604400000, 0x0000000604400000, 0x0000000604800000|  0%| F|  |TAMS 0x0000000604400000, 0x0000000604400000| Untracked 
|  13|0x0000000604800000, 0x0000000604800000, 0x0000000604c00000|  0%| F|  |TAMS 0x0000000604800000, 0x0000000604800000| Untracked 
|  14|0x0000000604c00000, 0x0000000604c00000, 0x0000000605000000|  0%| F|  |TAMS 0x0000000604c00000, 0x0000000604c00000| Untracked 
|  15|0x0000000605000000, 0x0000000605000000, 0x0000000605400000|  0%| F|  |TAMS 0x0000000605000000, 0x0000000605000000| Untracked 
|  16|0x0000000605400000, 0x0000000605400000, 0x0000000605800000|  0%| F|  |TAMS 0x0000000605400000, 0x0000000605400000| Untracked 
|  17|0x0000000605800000, 0x0000000605800000, 0x0000000605c00000|  0%| F|  |TAMS 0x0000000605800000, 0x0000000605800000| Untracked 
|  18|0x0000000605c00000, 0x0000000605c00000, 0x0000000606000000|  0%| F|  |TAMS 0x0000000605c00000, 0x0000000605c00000| Untracked 
|  19|0x0000000606000000, 0x0000000606000000, 0x0000000606400000|  0%| F|  |TAMS 0x0000000606000000, 0x0000000606000000| Untracked 
|  20|0x0000000606400000, 0x0000000606400000, 0x0000000606800000|  0%| F|  |TAMS 0x0000000606400000, 0x0000000606400000| Untracked 
|  21|0x0000000606800000, 0x0000000606800000, 0x0000000606c00000|  0%| F|  |TAMS 0x0000000606800000, 0x0000000606800000| Untracked 
|  22|0x0000000606c00000, 0x0000000606c00000, 0x0000000607000000|  0%| F|  |TAMS 0x0000000606c00000, 0x0000000606c00000| Untracked 
|  23|0x0000000607000000, 0x0000000607000000, 0x0000000607400000|  0%| F|  |TAMS 0x0000000607000000, 0x0000000607000000| Untracked 
|  24|0x0000000607400000, 0x0000000607400000, 0x0000000607800000|  0%| F|  |TAMS 0x0000000607400000, 0x0000000607400000| Untracked 
|  25|0x0000000607800000, 0x0000000607800000, 0x0000000607c00000|  0%| F|  |TAMS 0x0000000607800000, 0x0000000607800000| Untracked 
|  26|0x0000000607c00000, 0x0000000607c00000, 0x0000000608000000|  0%| F|  |TAMS 0x0000000607c00000, 0x0000000607c00000| Untracked 
|  27|0x0000000608000000, 0x0000000608000000, 0x0000000608400000|  0%| F|  |TAMS 0x0000000608000000, 0x0000000608000000| Untracked 
|  28|0x0000000608400000, 0x0000000608400000, 0x0000000608800000|  0%| F|  |TAMS 0x0000000608400000, 0x0000000608400000| Untracked 
|  29|0x0000000608800000, 0x0000000608800000, 0x0000000608c00000|  0%| F|  |TAMS 0x0000000608800000, 0x0000000608800000| Untracked 
|  30|0x0000000608c00000, 0x0000000608c00000, 0x0000000609000000|  0%| F|  |TAMS 0x0000000608c00000, 0x0000000608c00000| Untracked 
|  31|0x0000000609000000, 0x0000000609000000, 0x0000000609400000|  0%| F|  |TAMS 0x0000000609000000, 0x0000000609000000| Untracked 
|  32|0x0000000609400000, 0x0000000609400000, 0x0000000609800000|  0%| F|  |TAMS 0x0000000609400000, 0x0000000609400000| Untracked 
|  33|0x0000000609800000, 0x0000000609800000, 0x0000000609c00000|  0%| F|  |TAMS 0x0000000609800000, 0x0000000609800000| Untracked 
|  34|0x0000000609c00000, 0x0000000609c00000, 0x000000060a000000|  0%| F|  |TAMS 0x0000000609c00000, 0x0000000609c00000| Untracked 
|  35|0x000000060a000000, 0x000000060a000000, 0x000000060a400000|  0%| F|  |TAMS 0x000000060a000000, 0x000000060a000000| Untracked 
|  36|0x000000060a400000, 0x000000060a400000, 0x000000060a800000|  0%| F|  |TAMS 0x000000060a400000, 0x000000060a400000| Untracked 
|  37|0x000000060a800000, 0x000000060a800000, 0x000000060ac00000|  0%| F|  |TAMS 0x000000060a800000, 0x000000060a800000| Untracked 
|  38|0x000000060ac00000, 0x000000060ac00000, 0x000000060b000000|  0%| F|  |TAMS 0x000000060ac00000, 0x000000060ac00000| Untracked 
|  39|0x000000060b000000, 0x000000060b000000, 0x000000060b400000|  0%| F|  |TAMS 0x000000060b000000, 0x000000060b000000| Untracked 
|  40|0x000000060b400000, 0x000000060b400000, 0x000000060b800000|  0%| F|  |TAMS 0x000000060b400000, 0x000000060b400000| Untracked 
|  41|0x000000060b800000, 0x000000060b800000, 0x000000060bc00000|  0%| F|  |TAMS 0x000000060b800000, 0x000000060b800000| Untracked 
|  42|0x000000060bc00000, 0x000000060bc00000, 0x000000060c000000|  0%| F|  |TAMS 0x000000060bc00000, 0x000000060bc00000| Untracked 
|  43|0x000000060c000000, 0x000000060c000000, 0x000000060c400000|  0%| F|  |TAMS 0x000000060c000000, 0x000000060c000000| Untracked 
|  44|0x000000060c400000, 0x000000060c400000, 0x000000060c800000|  0%| F|  |TAMS 0x000000060c400000, 0x000000060c400000| Untracked 
|  45|0x000000060c800000, 0x000000060c800000, 0x000000060cc00000|  0%| F|  |TAMS 0x000000060c800000, 0x000000060c800000| Untracked 
|  46|0x000000060cc00000, 0x000000060cc00000, 0x000000060d000000|  0%| F|  |TAMS 0x000000060cc00000, 0x000000060cc00000| Untracked 
|  47|0x000000060d000000, 0x000000060d000000, 0x000000060d400000|  0%| F|  |TAMS 0x000000060d000000, 0x000000060d000000| Untracked 
|  48|0x000000060d400000, 0x000000060d400000, 0x000000060d800000|  0%| F|  |TAMS 0x000000060d400000, 0x000000060d400000| Untracked 
|  49|0x000000060d800000, 0x000000060d800000, 0x000000060dc00000|  0%| F|  |TAMS 0x000000060d800000, 0x000000060d800000| Untracked 
|  50|0x000000060dc00000, 0x000000060dc00000, 0x000000060e000000|  0%| F|  |TAMS 0x000000060dc00000, 0x000000060dc00000| Untracked 
|  51|0x000000060e000000, 0x000000060e000000, 0x000000060e400000|  0%| F|  |TAMS 0x000000060e000000, 0x000000060e000000| Untracked 
|  52|0x000000060e400000, 0x000000060e400000, 0x000000060e800000|  0%| F|  |TAMS 0x000000060e400000, 0x000000060e400000| Untracked 
|  53|0x000000060e800000, 0x000000060e800000, 0x000000060ec00000|  0%| F|  |TAMS 0x000000060e800000, 0x000000060e800000| Untracked 
|  54|0x000000060ec00000, 0x000000060ec00000, 0x000000060f000000|  0%| F|  |TAMS 0x000000060ec00000, 0x000000060ec00000| Untracked 
|  55|0x000000060f000000, 0x000000060f000000, 0x000000060f400000|  0%| F|  |TAMS 0x000000060f000000, 0x000000060f000000| Untracked 
|  56|0x000000060f400000, 0x000000060f400000, 0x000000060f800000|  0%| F|  |TAMS 0x000000060f400000, 0x000000060f400000| Untracked 
|  57|0x000000060f800000, 0x000000060f800000, 0x000000060fc00000|  0%| F|  |TAMS 0x000000060f800000, 0x000000060f800000| Untracked 
|  58|0x000000060fc00000, 0x000000060fc00000, 0x0000000610000000|  0%| F|  |TAMS 0x000000060fc00000, 0x000000060fc00000| Untracked 
|  59|0x0000000610000000, 0x0000000610000000, 0x0000000610400000|  0%| F|  |TAMS 0x0000000610000000, 0x0000000610000000| Untracked 
|  60|0x0000000610400000, 0x0000000610400000, 0x0000000610800000|  0%| F|  |TAMS 0x0000000610400000, 0x0000000610400000| Untracked 
|  61|0x0000000610800000, 0x0000000610800000, 0x0000000610c00000|  0%| F|  |TAMS 0x0000000610800000, 0x0000000610800000| Untracked 
|  62|0x0000000610c00000, 0x0000000610c00000, 0x0000000611000000|  0%| F|  |TAMS 0x0000000610c00000, 0x0000000610c00000| Untracked 
|  63|0x0000000611000000, 0x0000000611000000, 0x0000000611400000|  0%| F|  |TAMS 0x0000000611000000, 0x0000000611000000| Untracked 
|  64|0x0000000611400000, 0x0000000611400000, 0x0000000611800000|  0%| F|  |TAMS 0x0000000611400000, 0x0000000611400000| Untracked 
|  65|0x0000000611800000, 0x0000000611800000, 0x0000000611c00000|  0%| F|  |TAMS 0x0000000611800000, 0x0000000611800000| Untracked 
|  66|0x0000000611c00000, 0x0000000611c00000, 0x0000000612000000|  0%| F|  |TAMS 0x0000000611c00000, 0x0000000611c00000| Untracked 
|  67|0x0000000612000000, 0x0000000612000000, 0x0000000612400000|  0%| F|  |TAMS 0x0000000612000000, 0x0000000612000000| Untracked 
|  68|0x0000000612400000, 0x0000000612400000, 0x0000000612800000|  0%| F|  |TAMS 0x0000000612400000, 0x0000000612400000| Untracked 
|  69|0x0000000612800000, 0x0000000612800000, 0x0000000612c00000|  0%| F|  |TAMS 0x0000000612800000, 0x0000000612800000| Untracked 
|  70|0x0000000612c00000, 0x0000000612c00000, 0x0000000613000000|  0%| F|  |TAMS 0x0000000612c00000, 0x0000000612c00000| Untracked 
|  71|0x0000000613000000, 0x0000000613000000, 0x0000000613400000|  0%| F|  |TAMS 0x0000000613000000, 0x0000000613000000| Untracked 
|  72|0x0000000613400000, 0x0000000613400000, 0x0000000613800000|  0%| F|  |TAMS 0x0000000613400000, 0x0000000613400000| Untracked 
|  73|0x0000000613800000, 0x0000000613800000, 0x0000000613c00000|  0%| F|  |TAMS 0x0000000613800000, 0x0000000613800000| Untracked 
|  74|0x0000000613c00000, 0x0000000613c00000, 0x0000000614000000|  0%| F|  |TAMS 0x0000000613c00000, 0x0000000613c00000| Untracked 
|  75|0x0000000614000000, 0x0000000614000000, 0x0000000614400000|  0%| F|  |TAMS 0x0000000614000000, 0x0000000614000000| Untracked 
|  76|0x0000000614400000, 0x0000000614400000, 0x0000000614800000|  0%| F|  |TAMS 0x0000000614400000, 0x0000000614400000| Untracked 
|  77|0x0000000614800000, 0x0000000614800000, 0x0000000614c00000|  0%| F|  |TAMS 0x0000000614800000, 0x0000000614800000| Untracked 
|  78|0x0000000614c00000, 0x0000000614c00000, 0x0000000615000000|  0%| F|  |TAMS 0x0000000614c00000, 0x0000000614c00000| Untracked 
|  79|0x0000000615000000, 0x0000000615000000, 0x0000000615400000|  0%| F|  |TAMS 0x0000000615000000, 0x0000000615000000| Untracked 
|  80|0x0000000615400000, 0x0000000615400000, 0x0000000615800000|  0%| F|  |TAMS 0x0000000615400000, 0x0000000615400000| Untracked 
|  81|0x0000000615800000, 0x0000000615800000, 0x0000000615c00000|  0%| F|  |TAMS 0x0000000615800000, 0x0000000615800000| Untracked 
|  82|0x0000000615c00000, 0x0000000615c00000, 0x0000000616000000|  0%| F|  |TAMS 0x0000000615c00000, 0x0000000615c00000| Untracked 
|  83|0x0000000616000000, 0x0000000616000000, 0x0000000616400000|  0%| F|  |TAMS 0x0000000616000000, 0x0000000616000000| Untracked 
|  84|0x0000000616400000, 0x0000000616400000, 0x0000000616800000|  0%| F|  |TAMS 0x0000000616400000, 0x0000000616400000| Untracked 
|  85|0x0000000616800000, 0x0000000616800000, 0x0000000616c00000|  0%| F|  |TAMS 0x0000000616800000, 0x0000000616800000| Untracked 
|  86|0x0000000616c00000, 0x0000000616c00000, 0x0000000617000000|  0%| F|  |TAMS 0x0000000616c00000, 0x0000000616c00000| Untracked 
|  87|0x0000000617000000, 0x0000000617000000, 0x0000000617400000|  0%| F|  |TAMS 0x0000000617000000, 0x0000000617000000| Untracked 
|  88|0x0000000617400000, 0x0000000617400000, 0x0000000617800000|  0%| F|  |TAMS 0x0000000617400000, 0x0000000617400000| Untracked 
|  89|0x0000000617800000, 0x0000000617800000, 0x0000000617c00000|  0%| F|  |TAMS 0x0000000617800000, 0x0000000617800000| Untracked 
|  90|0x0000000617c00000, 0x0000000617c00000, 0x0000000618000000|  0%| F|  |TAMS 0x0000000617c00000, 0x0000000617c00000| Untracked 
|  91|0x0000000618000000, 0x0000000618000000, 0x0000000618400000|  0%| F|  |TAMS 0x0000000618000000, 0x0000000618000000| Untracked 
|  92|0x0000000618400000, 0x0000000618400000, 0x0000000618800000|  0%| F|  |TAMS 0x0000000618400000, 0x0000000618400000| Untracked 
|  93|0x0000000618800000, 0x0000000618800000, 0x0000000618c00000|  0%| F|  |TAMS 0x0000000618800000, 0x0000000618800000| Untracked 
|  94|0x0000000618c00000, 0x0000000618c00000, 0x0000000619000000|  0%| F|  |TAMS 0x0000000618c00000, 0x0000000618c00000| Untracked 
|  95|0x0000000619000000, 0x0000000619000000, 0x0000000619400000|  0%| F|  |TAMS 0x0000000619000000, 0x0000000619000000| Untracked 
|  96|0x0000000619400000, 0x0000000619400000, 0x0000000619800000|  0%| F|  |TAMS 0x0000000619400000, 0x0000000619400000| Untracked 
|  97|0x0000000619800000, 0x0000000619800000, 0x0000000619c00000|  0%| F|  |TAMS 0x0000000619800000, 0x0000000619800000| Untracked 
|  98|0x0000000619c00000, 0x0000000619c00000, 0x000000061a000000|  0%| F|  |TAMS 0x0000000619c00000, 0x0000000619c00000| Untracked 
|  99|0x000000061a000000, 0x000000061a000000, 0x000000061a400000|  0%| F|  |TAMS 0x000000061a000000, 0x000000061a000000| Untracked 
| 100|0x000000061a400000, 0x000000061a400000, 0x000000061a800000|  0%| F|  |TAMS 0x000000061a400000, 0x000000061a400000| Untracked 
| 101|0x000000061a800000, 0x000000061a800000, 0x000000061ac00000|  0%| F|  |TAMS 0x000000061a800000, 0x000000061a800000| Untracked 
| 102|0x000000061ac00000, 0x000000061ac00000, 0x000000061b000000|  0%| F|  |TAMS 0x000000061ac00000, 0x000000061ac00000| Untracked 
| 103|0x000000061b000000, 0x000000061b000000, 0x000000061b400000|  0%| F|  |TAMS 0x000000061b000000, 0x000000061b000000| Untracked 
| 104|0x000000061b400000, 0x000000061b400000, 0x000000061b800000|  0%| F|  |TAMS 0x000000061b400000, 0x000000061b400000| Untracked 
| 105|0x000000061b800000, 0x000000061b800000, 0x000000061bc00000|  0%| F|  |TAMS 0x000000061b800000, 0x000000061b800000| Untracked 
| 106|0x000000061bc00000, 0x000000061bc00000, 0x000000061c000000|  0%| F|  |TAMS 0x000000061bc00000, 0x000000061bc00000| Untracked 
| 107|0x000000061c000000, 0x000000061c000000, 0x000000061c400000|  0%| F|  |TAMS 0x000000061c000000, 0x000000061c000000| Untracked 
| 108|0x000000061c400000, 0x000000061c400000, 0x000000061c800000|  0%| F|  |TAMS 0x000000061c400000, 0x000000061c400000| Untracked 
| 109|0x000000061c800000, 0x000000061c800000, 0x000000061cc00000|  0%| F|  |TAMS 0x000000061c800000, 0x000000061c800000| Untracked 
| 110|0x000000061cc00000, 0x000000061cc00000, 0x000000061d000000|  0%| F|  |TAMS 0x000000061cc00000, 0x000000061cc00000| Untracked 
| 111|0x000000061d000000, 0x000000061d000000, 0x000000061d400000|  0%| F|  |TAMS 0x000000061d000000, 0x000000061d000000| Untracked 
| 112|0x000000061d400000, 0x000000061d400000, 0x000000061d800000|  0%| F|  |TAMS 0x000000061d400000, 0x000000061d400000| Untracked 
| 113|0x000000061d800000, 0x000000061d800000, 0x000000061dc00000|  0%| F|  |TAMS 0x000000061d800000, 0x000000061d800000| Untracked 
| 114|0x000000061dc00000, 0x000000061dc00000, 0x000000061e000000|  0%| F|  |TAMS 0x000000061dc00000, 0x000000061dc00000| Untracked 
| 115|0x000000061e000000, 0x000000061e000000, 0x000000061e400000|  0%| F|  |TAMS 0x000000061e000000, 0x000000061e000000| Untracked 
| 116|0x000000061e400000, 0x000000061e400000, 0x000000061e800000|  0%| F|  |TAMS 0x000000061e400000, 0x000000061e400000| Untracked 
| 117|0x000000061e800000, 0x000000061e800000, 0x000000061ec00000|  0%| F|  |TAMS 0x000000061e800000, 0x000000061e800000| Untracked 
| 118|0x000000061ec00000, 0x000000061ec00000, 0x000000061f000000|  0%| F|  |TAMS 0x000000061ec00000, 0x000000061ec00000| Untracked 
| 119|0x000000061f000000, 0x000000061f000000, 0x000000061f400000|  0%| F|  |TAMS 0x000000061f000000, 0x000000061f000000| Untracked 
| 120|0x000000061f400000, 0x000000061f400000, 0x000000061f800000|  0%| F|  |TAMS 0x000000061f400000, 0x000000061f400000| Untracked 
| 121|0x000000061f800000, 0x000000061fb22308, 0x000000061fc00000| 78%| S|CS|TAMS 0x000000061f800000, 0x000000061f800000| Complete 
| 122|0x000000061fc00000, 0x000000061fc00000, 0x0000000620000000|  0%| F|  |TAMS 0x000000061fc00000, 0x000000061fc00000| Untracked 
| 123|0x0000000620000000, 0x00000006200cd4e8, 0x0000000620400000| 20%| E|  |TAMS 0x0000000620000000, 0x0000000620000000| Complete 
| 124|0x0000000620400000, 0x0000000620800000, 0x0000000620800000|100%| E|CS|TAMS 0x0000000620400000, 0x0000000620400000| Complete 
| 125|0x0000000620800000, 0x0000000620c00000, 0x0000000620c00000|100%| E|CS|TAMS 0x0000000620800000, 0x0000000620800000| Complete 
| 126|0x0000000620c00000, 0x0000000621000000, 0x0000000621000000|100%| E|CS|TAMS 0x0000000620c00000, 0x0000000620c00000| Complete 
| 127|0x0000000621000000, 0x0000000621400000, 0x0000000621400000|100%| E|CS|TAMS 0x0000000621000000, 0x0000000621000000| Complete 

Card table byte_map: [0x0000018180000000,0x0000018181000000] _byte_map_base: 0x000001817cff6000

Marking Bits (Prev, Next): (CMBitMap*) 0x00000181e73fc2a0, (CMBitMap*) 0x00000181e73fc2e0
 Prev Bits: [0x0000018182000000, 0x0000018189fb0000)
 Next Bits: [0x0000018189fb0000, 0x0000018191f60000)

Polling page: 0x00000181e6b60000

Metaspace:

Usage:
  Non-class:      6.89 MB used.
      Class:      1.11 MB used.
       Both:      8.00 MB used.

Virtual space:
  Non-class space:        8.00 MB reserved,       7.00 MB ( 88%) committed,  1 nodes.
      Class space:        1.00 GB reserved,       1.19 MB ( <1%) committed,  1 nodes.
             Both:        1.01 GB reserved,       8.19 MB ( <1%) committed. 

Chunk freelists:
   Non-Class:  194.00 KB
       Class:  2.69 MB
        Both:  2.88 MB

MaxMetaspaceSize: unlimited
CompressedClassSpaceSize: 1.00 GB
Initial GC threshold: 21.00 MB
Current GC threshold: 21.00 MB
CDS: on
MetaspaceReclaimPolicy: balanced
 - commit_granule_bytes: 65536.
 - commit_granule_words: 8192.
 - virtual_space_node_default_size: 1048576.
 - enlarge_chunks_in_place: 1.
 - new_chunks_are_fully_committed: 0.
 - uncommit_free_chunks: 1.
 - use_allocation_guard: 0.
 - handle_deallocations: 1.


Internal statistics:

num_allocs_failed_limit: 0.
num_arena_births: 136.
num_arena_deaths: 0.
num_vsnodes_births: 2.
num_vsnodes_deaths: 0.
num_space_committed: 131.
num_space_uncommitted: 0.
num_chunks_returned_to_freelist: 0.
num_chunks_taken_from_freelist: 353.
num_chunk_merges: 0.
num_chunk_splits: 242.
num_chunks_enlarged: 176.
num_purges: 0.
num_inconsistent_stats: 0.

CodeHeap 'non-profiled nmethods': size=120000Kb used=446Kb max_used=446Kb free=119554Kb
 bounds [0x00000181f6650000, 0x00000181f68c0000, 0x00000181fdb80000]
CodeHeap 'profiled nmethods': size=120000Kb used=2141Kb max_used=2141Kb free=117858Kb
 bounds [0x00000181ef120000, 0x00000181ef390000, 0x00000181f6650000]
CodeHeap 'non-nmethods': size=5760Kb used=1234Kb max_used=1261Kb free=4525Kb
 bounds [0x00000181eeb80000, 0x00000181eedf0000, 0x00000181ef120000]
 total_blobs=1821 nmethods=1277 adapters=457
 compilation: enabled
              stopped_count=0, restarted_count=0
 full_count=0

Compilation events (20 events):
Event: 0.933 Thread 0x000001819481cb20 nmethod 1257 0x00000181f66b7210 code [0x00000181f66b73a0, 0x00000181f66b7478]
Event: 0.933 Thread 0x000001819481cb20 1258       1       sun.reflect.annotation.AnnotationType::memberTypes (5 bytes)
Event: 0.933 Thread 0x000001819481cb20 nmethod 1258 0x00000181f66b7510 code [0x00000181f66b76a0, 0x00000181f66b7778]
Event: 0.933 Thread 0x000001819481cb20 1259       1       sun.reflect.annotation.AnnotationType::memberDefaults (5 bytes)
Event: 0.933 Thread 0x000001819481cb20 nmethod 1259 0x00000181f66b7810 code [0x00000181f66b79a0, 0x00000181f66b7a78]
Event: 0.933 Thread 0x000001819481cb20 1260       1       sun.reflect.annotation.AnnotationType::retention (5 bytes)
Event: 0.933 Thread 0x000001819481cb20 nmethod 1260 0x00000181f66b7b10 code [0x00000181f66b7ca0, 0x00000181f66b7d78]
Event: 0.933 Thread 0x000001819481cb20 1261       1       java.util.logging.Level::intValue (5 bytes)
Event: 0.933 Thread 0x000001819481cb20 nmethod 1261 0x00000181f66b7e10 code [0x00000181f66b7fa0, 0x00000181f66b8078]
Event: 0.936 Thread 0x000001819481cb20 1262       1       com.sun.javafx.tk.quantum.QuantumToolkit$PulseTask::get (5 bytes)
Event: 0.936 Thread 0x000001819481cb20 nmethod 1262 0x00000181f66b8110 code [0x00000181f66b82a0, 0x00000181f66b8378]
Event: 0.948 Thread 0x000001819481c560 nmethod 1229 0x00000181f66b8410 code [0x00000181f66b8620, 0x00000181f66b9f98]
Event: 0.948 Thread 0x000001819481c560 1237       4       java.lang.String::substring (58 bytes)
Event: 0.953 Thread 0x000001819481c560 nmethod 1237 0x00000181f66ba810 code [0x00000181f66ba9a0, 0x00000181f66baf18]
Event: 0.953 Thread 0x000001819481c560 1228       4       java.util.HashMap::put (13 bytes)
Event: 0.954 Thread 0x000001819481c560 nmethod 1228 0x00000181f66bb190 code [0x00000181f66bb320, 0x00000181f66bb468]
Event: 0.954 Thread 0x000001819481c560 1221       4       java.lang.AbstractStringBuilder::<init> (39 bytes)
Event: 0.955 Thread 0x000001819481c560 nmethod 1221 0x00000181f66bb590 code [0x00000181f66bb720, 0x00000181f66bb998]
Event: 1.035 Thread 0x000001819481cb20 1263       3       java.util.HashMap::<init> (98 bytes)
Event: 1.036 Thread 0x000001819481cb20 nmethod 1263 0x00000181ef32ff90 code [0x00000181ef3302c0, 0x00000181ef3313d8]

GC Heap History (2 events):
Event: 0.459 GC heap before
{Heap before GC invocations=0 (full 0):
 garbage-first heap   total 524288K, used 20480K [0x0000000601400000, 0x0000000800000000)
  region size 4096K, 6 young (24576K), 0 survivors (0K)
 Metaspace       used 5099K, committed 5248K, reserved 1056768K
  class space    used 595K, committed 640K, reserved 1048576K
}
Event: 0.461 GC heap after
{Heap after GC invocations=1 (full 0):
 garbage-first heap   total 524288K, used 3208K [0x0000000601400000, 0x0000000800000000)
  region size 4096K, 1 young (4096K), 1 survivors (4096K)
 Metaspace       used 5099K, committed 5248K, reserved 1056768K
  class space    used 595K, committed 640K, reserved 1048576K
}

Deoptimization events (20 events):
Event: 0.899 Thread 0x0000018195c0c7a0 Uncommon trap: trap_request=0xffffffde fr.pc=0x00000181f666e9c8 relative=0x0000000000000cc8
Event: 0.899 Thread 0x0000018195c0c7a0 Uncommon trap: reason=class_check action=maybe_recompile pc=0x00000181f666e9c8 method=java.util.HashMap.putVal(ILjava/lang/Object;Ljava/lang/Object;ZZ)Ljava/lang/Object; @ 56 c2
Event: 0.899 Thread 0x0000018195c0c7a0 DEOPT PACKING pc=0x00000181f666e9c8 sp=0x0000000101ffd030
Event: 0.899 Thread 0x0000018195c0c7a0 DEOPT UNPACKING pc=0x00000181eebd23a3 sp=0x0000000101ffcfe8 mode 2
Event: 0.899 Thread 0x0000018195c0c7a0 Uncommon trap: trap_request=0xffffffde fr.pc=0x00000181f666e9c8 relative=0x0000000000000cc8
Event: 0.899 Thread 0x0000018195c0c7a0 Uncommon trap: reason=class_check action=maybe_recompile pc=0x00000181f666e9c8 method=java.util.HashMap.putVal(ILjava/lang/Object;Ljava/lang/Object;ZZ)Ljava/lang/Object; @ 56 c2
Event: 0.899 Thread 0x0000018195c0c7a0 DEOPT PACKING pc=0x00000181f666e9c8 sp=0x0000000101ffd030
Event: 0.899 Thread 0x0000018195c0c7a0 DEOPT UNPACKING pc=0x00000181eebd23a3 sp=0x0000000101ffcfe8 mode 2
Event: 0.899 Thread 0x0000018195c0c7a0 Uncommon trap: trap_request=0xffffffde fr.pc=0x00000181f666e9c8 relative=0x0000000000000cc8
Event: 0.899 Thread 0x0000018195c0c7a0 Uncommon trap: reason=class_check action=maybe_recompile pc=0x00000181f666e9c8 method=java.util.HashMap.putVal(ILjava/lang/Object;Ljava/lang/Object;ZZ)Ljava/lang/Object; @ 56 c2
Event: 0.899 Thread 0x0000018195c0c7a0 DEOPT PACKING pc=0x00000181f666e9c8 sp=0x0000000101ffd030
Event: 0.899 Thread 0x0000018195c0c7a0 DEOPT UNPACKING pc=0x00000181eebd23a3 sp=0x0000000101ffcfe8 mode 2
Event: 0.926 Thread 0x0000018195c0c7a0 Uncommon trap: trap_request=0xffffffde fr.pc=0x00000181f6670e54 relative=0x0000000000000bd4
Event: 0.926 Thread 0x0000018195c0c7a0 Uncommon trap: reason=class_check action=maybe_recompile pc=0x00000181f6670e54 method=java.util.HashMap.putVal(ILjava/lang/Object;Ljava/lang/Object;ZZ)Ljava/lang/Object; @ 253 c2
Event: 0.926 Thread 0x0000018195c0c7a0 DEOPT PACKING pc=0x00000181f6670e54 sp=0x0000000101ffd000
Event: 0.926 Thread 0x0000018195c0c7a0 DEOPT UNPACKING pc=0x00000181eebd23a3 sp=0x0000000101ffcf48 mode 2
Event: 0.927 Thread 0x0000018195c0c7a0 Uncommon trap: trap_request=0xffffffde fr.pc=0x00000181f6670e54 relative=0x0000000000000bd4
Event: 0.927 Thread 0x0000018195c0c7a0 Uncommon trap: reason=class_check action=maybe_recompile pc=0x00000181f6670e54 method=java.util.HashMap.putVal(ILjava/lang/Object;Ljava/lang/Object;ZZ)Ljava/lang/Object; @ 253 c2
Event: 0.927 Thread 0x0000018195c0c7a0 DEOPT PACKING pc=0x00000181f6670e54 sp=0x0000000101ffd000
Event: 0.927 Thread 0x0000018195c0c7a0 DEOPT UNPACKING pc=0x00000181eebd23a3 sp=0x0000000101ffcf48 mode 2

Classes unloaded (0 events):
No events

Classes redefined (0 events):
No events

Internal exceptions (20 events):
Event: 0.094 Thread 0x00000181e73849a0 Exception <a 'java/lang/NoSuchMethodError'{0x0000000620f3f988}: 'java.lang.Object java.lang.invoke.DirectMethodHandle$Holder.invokeInterface(java.lang.Object, java.lang.Object)'> (0x0000000620f3f988) 
thrown [t:\workspace\open\src\hotspot\share\interpreter\linkResolver.cpp, line 766]
Event: 0.094 Thread 0x00000181e73849a0 Exception <a 'java/lang/IncompatibleClassChangeError'{0x0000000620f43000}: Found class java.lang.Object, but interface was expected> (0x0000000620f43000) 
thrown [t:\workspace\open\src\hotspot\share\interpreter\linkResolver.cpp, line 833]
Event: 0.094 Thread 0x00000181e73849a0 Exception <a 'java/lang/NoSuchMethodError'{0x0000000620f45dc8}: 'void java.lang.invoke.DirectMethodHandle$Holder.invokeStatic(java.lang.Object, java.lang.Object, java.lang.Object, java.lang.Object)'> (0x0000000620f45dc8) 
thrown [t:\workspace\open\src\hotspot\share\interpreter\linkResolver.cpp, line 766]
Event: 0.116 Thread 0x0000018194f272a0 Exception <a 'java/lang/NoSuchMethodError'{0x00000006208c0980}: 'java.lang.Object java.lang.invoke.DirectMethodHandle$Holder.invokeStaticInit(java.lang.Object)'> (0x00000006208c0980) 
thrown [t:\workspace\open\src\hotspot\share\interpreter\linkResolver.cpp, line 766]
Event: 0.120 Thread 0x0000018194f272a0 Exception <a 'java/lang/ClassNotFoundException'{0x00000006208cbb98}: jdk/net/ExtendedSocketOptions> (0x00000006208cbb98) 
thrown [t:\workspace\open\src\hotspot\share\classfile\systemDictionary.cpp, line 256]
Event: 0.120 Thread 0x0000018194f272a0 Exception <a 'java/lang/NoSuchMethodError'{0x00000006208cd430}: 'void java.lang.invoke.DirectMethodHandle$Holder.invokeStatic(java.lang.Object, java.lang.Object)'> (0x00000006208cd430) 
thrown [t:\workspace\open\src\hotspot\share\interpreter\linkResolver.cpp, line 766]
Event: 0.268 Thread 0x00000181e73849a0 Exception <a 'java/lang/NoSuchMethodError'{0x000000062079b5b8}: 'void java.lang.invoke.DirectMethodHandle$Holder.invokeStatic(java.lang.Object, java.lang.Object, java.lang.Object)'> (0x000000062079b5b8) 
thrown [t:\workspace\open\src\hotspot\share\interpreter\linkResolver.cpp, line 766]
Event: 0.316 Thread 0x00000181e73849a0 Exception <a 'java/lang/NoSuchMethodError'{0x00000006207b80b8}: 'int java.lang.invoke.DirectMethodHandle$Holder.invokeStaticInit(java.lang.Object, java.lang.Object, java.lang.Object)'> (0x00000006207b80b8) 
thrown [t:\workspace\open\src\hotspot\share\interpreter\linkResolver.cpp, line 766]
Event: 0.330 Thread 0x00000181e73849a0 Exception <a 'java/lang/NoSuchMethodError'{0x00000006200f7048}: 'java.lang.Object java.lang.invoke.DirectMethodHandle$Holder.newInvokeSpecial(java.lang.Object, java.lang.Object, int, java.lang.Object)'> (0x00000006200f7048) 
thrown [t:\workspace\open\src\hotspot\share\interpreter\linkResolver.cpp, line 766]
Event: 0.330 Thread 0x00000181e73849a0 Exception <a 'java/lang/NoSuchMethodError'{0x00000006200fb428}: 'java.lang.Object java.lang.invoke.DirectMethodHandle$Holder.invokeSpecial(java.lang.Object, java.lang.Object, java.lang.Object, int, java.lang.Object)'> (0x00000006200fb428) 
thrown [t:\workspace\open\src\hotspot\share\interpreter\linkResolver.cpp, line 766]
Event: 0.420 Thread 0x0000018195c0c7a0 Exception <a 'java/lang/NoSuchMethodError'{0x000000061fc27350}: 'void java.lang.invoke.DirectMethodHandle$Holder.invokeStaticInit(java.lang.Object)'> (0x000000061fc27350) 
thrown [t:\workspace\open\src\hotspot\share\interpreter\linkResolver.cpp, line 766]
Event: 0.422 Thread 0x00000181e73849a0 Exception <a 'java/lang/NoSuchMethodError'{0x000000062018b580}: 'java.lang.Object java.lang.invoke.DirectMethodHandle$Holder.newInvokeSpecial(java.lang.Object, java.lang.Object, java.lang.Object, java.lang.Object, java.lang.Object, java.lang.Object)'> (0x000000062018b580) 
thrown [t:\workspace\open\src\hotspot\share\interpreter\linkResolver.cpp, line 766]
Event: 0.442 Thread 0x00000181e73849a0 Exception <a 'java/lang/NoSuchMethodError'{0x000000061fe080c8}: 'java.lang.Object java.lang.invoke.DirectMethodHandle$Holder.newInvokeSpecial(java.lang.Object, java.lang.Object, java.lang.Object, java.lang.Object, java.lang.Object)'> (0x000000061fe080c8) 
thrown [t:\workspace\open\src\hotspot\share\interpreter\linkResolver.cpp, line 766]
Event: 0.462 Thread 0x0000018195c0c7a0 Exception <a 'sun/nio/fs/WindowsException'{0x000000062102d348}> (0x000000062102d348) 
thrown [t:\workspace\open\src\hotspot\share\prims\jni.cpp, line 516]
Event: 0.470 Thread 0x0000018195c0c7a0 Exception <a 'java/lang/NoSuchMethodError'{0x000000062117bb48}: 'java.lang.Object java.lang.invoke.DirectMethodHandle$Holder.invokeStaticInit(java.lang.Object, int, int, int, int)'> (0x000000062117bb48) 
thrown [t:\workspace\open\src\hotspot\share\interpreter\linkResolver.cpp, line 766]
Event: 0.487 Thread 0x0000018195c0c7a0 Exception <a 'java/lang/NoSuchMethodError'{0x00000006211c9078}: 'java.lang.Object java.lang.invoke.DirectMethodHandle$Holder.invokeStaticInit(java.lang.Object, java.lang.Object, int, int, int, int)'> (0x00000006211c9078) 
thrown [t:\workspace\open\src\hotspot\share\interpreter\linkResolver.cpp, line 766]
Event: 0.490 Thread 0x0000018195c0c7a0 Exception <a 'sun/nio/fs/WindowsException'{0x00000006211d1538}> (0x00000006211d1538) 
thrown [t:\workspace\open\src\hotspot\share\prims\jni.cpp, line 516]
Event: 0.517 Thread 0x0000018195c0c7a0 Exception <a 'sun/nio/fs/WindowsException'{0x000000062123e7b8}> (0x000000062123e7b8) 
thrown [t:\workspace\open\src\hotspot\share\prims\jni.cpp, line 516]
Event: 0.746 Thread 0x0000018195c0c7a0 Exception <a 'sun/nio/fs/WindowsException'{0x0000000621243840}> (0x0000000621243840) 
thrown [t:\workspace\open\src\hotspot\share\prims\jni.cpp, line 516]
Event: 0.847 Thread 0x0000018195c0c7a0 Exception <a 'sun/nio/fs/WindowsException'{0x00000006213ff148}> (0x00000006213ff148) 
thrown [t:\workspace\open\src\hotspot\share\prims\jni.cpp, line 516]

VM Operations (20 events):
Event: 0.092 Executing VM operation: HandshakeAllThreads
Event: 0.092 Executing VM operation: HandshakeAllThreads done
Event: 0.114 Executing VM operation: HandshakeAllThreads
Event: 0.115 Executing VM operation: HandshakeAllThreads done
Event: 0.322 Executing VM operation: HandshakeAllThreads
Event: 0.322 Executing VM operation: HandshakeAllThreads done
Event: 0.459 Executing VM operation: G1CollectForAllocation
Event: 0.461 Executing VM operation: G1CollectForAllocation done
Event: 0.469 Executing VM operation: HandshakeAllThreads
Event: 0.469 Executing VM operation: HandshakeAllThreads done
Event: 0.472 Executing VM operation: HandshakeAllThreads
Event: 0.472 Executing VM operation: HandshakeAllThreads done
Event: 0.491 Executing VM operation: HandshakeAllThreads
Event: 0.491 Executing VM operation: HandshakeAllThreads done
Event: 0.836 Executing VM operation: HandshakeAllThreads
Event: 0.836 Executing VM operation: HandshakeAllThreads done
Event: 0.847 Executing VM operation: HandshakeAllThreads
Event: 0.847 Executing VM operation: HandshakeAllThreads done
Event: 0.848 Executing VM operation: HandshakeAllThreads
Event: 0.848 Executing VM operation: HandshakeAllThreads done

Events (20 events):
Event: 0.882 loading class java/lang/StringIndexOutOfBoundsException
Event: 0.882 loading class java/lang/StringIndexOutOfBoundsException done
Event: 0.898 loading class java/lang/Deprecated
Event: 0.899 loading class java/lang/Deprecated done
Event: 0.899 loading class java/lang/annotation/Documented
Event: 0.899 loading class java/lang/annotation/Documented done
Event: 0.900 loading class jdk/internal/vm/annotation/IntrinsicCandidate
Event: 0.900 loading class jdk/internal/vm/annotation/IntrinsicCandidate done
Event: 0.927 loading class java/lang/reflect/UndeclaredThrowableException
Event: 0.927 loading class java/lang/reflect/UndeclaredThrowableException done
Event: 1.036 loading class java/util/Stack
Event: 1.036 loading class java/util/Vector
Event: 1.036 loading class java/util/Vector done
Event: 1.036 loading class java/util/Stack done
Event: 1.036 loading class java/util/Vector$Itr
Event: 1.036 loading class java/util/Vector$Itr done
Event: 1.038 loading class jdk/internal/reflect/UnsafeFieldAccessorFactory
Event: 1.038 loading class jdk/internal/reflect/UnsafeFieldAccessorFactory done
Event: 1.038 loading class jdk/internal/reflect/UnsafeObjectFieldAccessorImpl
Event: 1.038 loading class jdk/internal/reflect/UnsafeObjectFieldAccessorImpl done


Dynamic libraries:
0x00007ff796b60000 - 0x00007ff796b6e000 	C:\Users\Lukas\.jdks\openjdk-17.0.1\bin\java.exe
0x00007ffa2c050000 - 0x00007ffa2c245000 	C:\WINDOWS\SYSTEM32\ntdll.dll
0x00007ffa2a260000 - 0x00007ffa2a31e000 	C:\WINDOWS\System32\KERNEL32.DLL
0x00007ffa29800000 - 0x00007ffa29ac8000 	C:\WINDOWS\System32\KERNELBASE.dll
0x00007ffa29b70000 - 0x00007ffa29c70000 	C:\WINDOWS\System32\ucrtbase.dll
0x00007ffa25300000 - 0x00007ffa2531a000 	C:\Users\Lukas\.jdks\openjdk-17.0.1\bin\VCRUNTIME140.dll
0x00007ffa26fa0000 - 0x00007ffa26fb8000 	C:\Users\Lukas\.jdks\openjdk-17.0.1\bin\jli.dll
0x00007ffa2b9b0000 - 0x00007ffa2bb51000 	C:\WINDOWS\System32\USER32.dll
0x00007ffa1ed30000 - 0x00007ffa1efca000 	C:\WINDOWS\WinSxS\amd64_microsoft.windows.common-controls_6595b64144ccf1df_6.0.19041.1110_none_60b5254171f9507e\COMCTL32.dll
0x00007ffa2a070000 - 0x00007ffa2a092000 	C:\WINDOWS\System32\win32u.dll
0x00007ffa2b350000 - 0x00007ffa2b3ee000 	C:\WINDOWS\System32\msvcrt.dll
0x00007ffa2a0a0000 - 0x00007ffa2a0cb000 	C:\WINDOWS\System32\GDI32.dll
0x00007ffa29c70000 - 0x00007ffa29d7b000 	C:\WINDOWS\System32\gdi32full.dll
0x00007ffa29ad0000 - 0x00007ffa29b6d000 	C:\WINDOWS\System32\msvcp_win.dll
0x00007ffa2b920000 - 0x00007ffa2b950000 	C:\WINDOWS\System32\IMM32.DLL
0x00007ffa24e60000 - 0x00007ffa24e6c000 	C:\Users\Lukas\.jdks\openjdk-17.0.1\bin\vcruntime140_1.dll
0x00007ffa201f0000 - 0x00007ffa2027d000 	C:\Users\Lukas\.jdks\openjdk-17.0.1\bin\msvcp140.dll
0x00007ff9dd7b0000 - 0x00007ff9de36e000 	C:\Users\Lukas\.jdks\openjdk-17.0.1\bin\server\jvm.dll
0x00007ffa2aa80000 - 0x00007ffa2ab2c000 	C:\WINDOWS\System32\ADVAPI32.dll
0x00007ffa2a0d0000 - 0x00007ffa2a16b000 	C:\WINDOWS\System32\sechost.dll
0x00007ffa2b720000 - 0x00007ffa2b84a000 	C:\WINDOWS\System32\RPCRT4.dll
0x00007ffa2bca0000 - 0x00007ffa2bca8000 	C:\WINDOWS\System32\PSAPI.DLL
0x00007ffa23140000 - 0x00007ffa23167000 	C:\WINDOWS\SYSTEM32\WINMM.dll
0x00007ffa23fc0000 - 0x00007ffa23fca000 	C:\WINDOWS\SYSTEM32\VERSION.dll
0x00007ffa26f70000 - 0x00007ffa26f79000 	C:\WINDOWS\SYSTEM32\WSOCK32.dll
0x00007ffa2b3f0000 - 0x00007ffa2b45b000 	C:\WINDOWS\System32\WS2_32.dll
0x00007ffa27690000 - 0x00007ffa276a2000 	C:\WINDOWS\SYSTEM32\kernel.appcore.dll
0x00007ffa24e50000 - 0x00007ffa24e5a000 	C:\Users\Lukas\.jdks\openjdk-17.0.1\bin\jimage.dll
0x00007ffa16830000 - 0x00007ffa16a14000 	C:\WINDOWS\SYSTEM32\DBGHELP.DLL
0x00007ffa16620000 - 0x00007ffa1664c000 	C:\WINDOWS\SYSTEM32\dbgcore.DLL
0x00007ffa29770000 - 0x00007ffa297f3000 	C:\WINDOWS\System32\bcryptPrimitives.dll
0x00007ffa21220000 - 0x00007ffa2122e000 	C:\Users\Lukas\.jdks\openjdk-17.0.1\bin\instrument.dll
0x00007ffa21260000 - 0x00007ffa21285000 	C:\Users\Lukas\.jdks\openjdk-17.0.1\bin\java.dll
0x00007ffa11950000 - 0x00007ffa11a26000 	C:\Users\Lukas\.jdks\openjdk-17.0.1\bin\svml.dll
0x00007ffa2a320000 - 0x00007ffa2aa5f000 	C:\WINDOWS\System32\SHELL32.dll
0x00007ffa27890000 - 0x00007ffa28020000 	C:\WINDOWS\SYSTEM32\windows.storage.dll
0x00007ffa2bcb0000 - 0x00007ffa2c005000 	C:\WINDOWS\System32\combase.dll
0x00007ffa291c0000 - 0x00007ffa291ee000 	C:\WINDOWS\SYSTEM32\Wldp.dll
0x00007ffa2ae10000 - 0x00007ffa2aebd000 	C:\WINDOWS\System32\SHCORE.dll
0x00007ffa2a170000 - 0x00007ffa2a1c5000 	C:\WINDOWS\System32\shlwapi.dll
0x00007ffa296b0000 - 0x00007ffa296cf000 	C:\WINDOWS\SYSTEM32\profapi.dll
0x00007ffa20530000 - 0x00007ffa20549000 	C:\Users\Lukas\.jdks\openjdk-17.0.1\bin\net.dll
0x00007ffa1da30000 - 0x00007ffa1db3c000 	C:\WINDOWS\SYSTEM32\WINHTTP.dll
0x00007ffa28f20000 - 0x00007ffa28f8a000 	C:\WINDOWS\system32\mswsock.dll
0x00007ffa202b0000 - 0x00007ffa202c5000 	C:\Users\Lukas\.jdks\openjdk-17.0.1\bin\nio.dll
0x00007ffa1fa90000 - 0x00007ffa1faa8000 	C:\Users\Lukas\.jdks\openjdk-17.0.1\bin\zip.dll
0x00007ffa1f890000 - 0x00007ffa1f8aa000 	C:\Program Files\JetBrains\IntelliJ IDEA 2019.3.4\bin\breakgen64.dll
0x0000018193f80000 - 0x0000018193f83000 	C:\Users\Lukas\.openjfx\cache\17.0.1\api-ms-win-core-console-l1-1-0.dll
0x0000018193f90000 - 0x0000018193f93000 	C:\Users\Lukas\.openjfx\cache\17.0.1\api-ms-win-core-console-l1-2-0.dll
0x0000018193fa0000 - 0x0000018193fa3000 	C:\Users\Lukas\.openjfx\cache\17.0.1\api-ms-win-core-datetime-l1-1-0.dll
0x0000018193fb0000 - 0x0000018193fb3000 	C:\Users\Lukas\.openjfx\cache\17.0.1\api-ms-win-core-debug-l1-1-0.dll
0x0000018193fc0000 - 0x0000018193fc3000 	C:\Users\Lukas\.openjfx\cache\17.0.1\api-ms-win-core-errorhandling-l1-1-0.dll
0x0000018193fd0000 - 0x0000018193fd4000 	C:\Users\Lukas\.openjfx\cache\17.0.1\api-ms-win-core-file-l1-1-0.dll
0x0000018193fe0000 - 0x0000018193fe3000 	C:\Users\Lukas\.openjfx\cache\17.0.1\api-ms-win-core-file-l1-2-0.dll
0x0000018193ff0000 - 0x0000018193ff3000 	C:\Users\Lukas\.openjfx\cache\17.0.1\api-ms-win-core-file-l2-1-0.dll
0x0000018195530000 - 0x0000018195533000 	C:\Users\Lukas\.openjfx\cache\17.0.1\api-ms-win-core-handle-l1-1-0.dll
0x0000018195540000 - 0x0000018195543000 	C:\Users\Lukas\.openjfx\cache\17.0.1\api-ms-win-core-heap-l1-1-0.dll
0x0000018195550000 - 0x0000018195553000 	C:\Users\Lukas\.openjfx\cache\17.0.1\api-ms-win-core-interlocked-l1-1-0.dll
0x0000018195560000 - 0x0000018195563000 	C:\Users\Lukas\.openjfx\cache\17.0.1\api-ms-win-core-libraryloader-l1-1-0.dll
0x0000018195570000 - 0x0000018195573000 	C:\Users\Lukas\.openjfx\cache\17.0.1\api-ms-win-core-localization-l1-2-0.dll
0x0000018195580000 - 0x0000018195583000 	C:\Users\Lukas\.openjfx\cache\17.0.1\api-ms-win-core-memory-l1-1-0.dll
0x0000018195590000 - 0x0000018195593000 	C:\Users\Lukas\.openjfx\cache\17.0.1\api-ms-win-core-namedpipe-l1-1-0.dll
0x00000181955a0000 - 0x00000181955a3000 	C:\Users\Lukas\.openjfx\cache\17.0.1\api-ms-win-core-processenvironment-l1-1-0.dll
0x00000181955b0000 - 0x00000181955b3000 	C:\Users\Lukas\.openjfx\cache\17.0.1\api-ms-win-core-processthreads-l1-1-0.dll
0x00000181955c0000 - 0x00000181955c3000 	C:\Users\Lukas\.openjfx\cache\17.0.1\api-ms-win-core-processthreads-l1-1-1.dll
0x00000181955d0000 - 0x00000181955d3000 	C:\Users\Lukas\.openjfx\cache\17.0.1\api-ms-win-core-profile-l1-1-0.dll
0x00000181955e0000 - 0x00000181955e3000 	C:\Users\Lukas\.openjfx\cache\17.0.1\api-ms-win-core-rtlsupport-l1-1-0.dll
0x00000181955f0000 - 0x00000181955f3000 	C:\Users\Lukas\.openjfx\cache\17.0.1\api-ms-win-core-string-l1-1-0.dll
0x0000018195600000 - 0x0000018195603000 	C:\Users\Lukas\.openjfx\cache\17.0.1\api-ms-win-core-synch-l1-1-0.dll
0x0000018195610000 - 0x0000018195613000 	C:\Users\Lukas\.openjfx\cache\17.0.1\api-ms-win-core-synch-l1-2-0.dll
0x0000018195620000 - 0x0000018195623000 	C:\Users\Lukas\.openjfx\cache\17.0.1\api-ms-win-core-sysinfo-l1-1-0.dll
0x0000018195630000 - 0x0000018195633000 	C:\Users\Lukas\.openjfx\cache\17.0.1\api-ms-win-core-timezone-l1-1-0.dll
0x0000018195640000 - 0x0000018195643000 	C:\Users\Lukas\.openjfx\cache\17.0.1\api-ms-win-core-util-l1-1-0.dll
0x0000018195650000 - 0x0000018195653000 	C:\Users\Lukas\.openjfx\cache\17.0.1\api-ms-win-crt-conio-l1-1-0.dll
0x0000018195660000 - 0x0000018195664000 	C:\Users\Lukas\.openjfx\cache\17.0.1\api-ms-win-crt-convert-l1-1-0.dll
0x0000018195670000 - 0x0000018195673000 	C:\Users\Lukas\.openjfx\cache\17.0.1\api-ms-win-crt-environment-l1-1-0.dll
0x0000018195680000 - 0x0000018195683000 	C:\Users\Lukas\.openjfx\cache\17.0.1\api-ms-win-crt-filesystem-l1-1-0.dll
0x0000018195690000 - 0x0000018195693000 	C:\Users\Lukas\.openjfx\cache\17.0.1\api-ms-win-crt-heap-l1-1-0.dll
0x00000181956a0000 - 0x00000181956a3000 	C:\Users\Lukas\.openjfx\cache\17.0.1\api-ms-win-crt-locale-l1-1-0.dll
0x00000181956b0000 - 0x00000181956b5000 	C:\Users\Lukas\.openjfx\cache\17.0.1\api-ms-win-crt-math-l1-1-0.dll
0x00000181956c0000 - 0x00000181956c5000 	C:\Users\Lukas\.openjfx\cache\17.0.1\api-ms-win-crt-multibyte-l1-1-0.dll
0x00000181956d0000 - 0x00000181956e0000 	C:\Users\Lukas\.openjfx\cache\17.0.1\api-ms-win-crt-private-l1-1-0.dll
0x00000181956e0000 - 0x00000181956e3000 	C:\Users\Lukas\.openjfx\cache\17.0.1\api-ms-win-crt-process-l1-1-0.dll
0x00000181956f0000 - 0x00000181956f4000 	C:\Users\Lukas\.openjfx\cache\17.0.1\api-ms-win-crt-runtime-l1-1-0.dll
0x0000018195700000 - 0x0000018195704000 	C:\Users\Lukas\.openjfx\cache\17.0.1\api-ms-win-crt-stdio-l1-1-0.dll
0x0000018195710000 - 0x0000018195714000 	C:\Users\Lukas\.openjfx\cache\17.0.1\api-ms-win-crt-string-l1-1-0.dll
0x0000018195720000 - 0x0000018195723000 	C:\Users\Lukas\.openjfx\cache\17.0.1\api-ms-win-crt-time-l1-1-0.dll
0x0000018195730000 - 0x0000018195733000 	C:\Users\Lukas\.openjfx\cache\17.0.1\api-ms-win-crt-utility-l1-1-0.dll
0x00007ff9f4390000 - 0x00007ff9f448c000 	C:\Users\Lukas\.openjfx\cache\17.0.1\ucrtbase.dll
0x00007ffa1f7b0000 - 0x00007ffa1f7ca000 	C:\Users\Lukas\.openjfx\cache\17.0.1\vcruntime140.dll
0x00007ffa1f420000 - 0x00007ffa1f42c000 	C:\Users\Lukas\.openjfx\cache\17.0.1\vcruntime140_1.dll
0x00007ffa05420000 - 0x00007ffa054ad000 	C:\Users\Lukas\.openjfx\cache\17.0.1\msvcp140.dll
0x00007ffa118e0000 - 0x00007ffa1190a000 	C:\Users\Lukas\.openjfx\cache\17.0.1\prism_d3d.dll
0x00007ffa1e4f0000 - 0x00007ffa1e6be000 	C:\WINDOWS\system32\d3d9.dll
0x00007ffa273d0000 - 0x00007ffa273ff000 	C:\WINDOWS\SYSTEM32\dwmapi.dll
0x00007ffa27190000 - 0x00007ffa2722e000 	C:\WINDOWS\system32\uxtheme.dll
0x00007ffa21370000 - 0x00007ffa21472000 	C:\WINDOWS\System32\DriverStore\FileRepository\nv_dispi.inf_amd64_1c83a5d7cffd7bff\nvldumdx.dll
0x00007ffa29350000 - 0x00007ffa29362000 	C:\WINDOWS\SYSTEM32\msasn1.dll
0x00007ffa23b50000 - 0x00007ffa23b81000 	C:\WINDOWS\SYSTEM32\cryptnet.dll
0x00007ffa29ec0000 - 0x00007ffa2a016000 	C:\WINDOWS\System32\CRYPT32.dll
0x00007ffa29130000 - 0x00007ffa2913c000 	C:\WINDOWS\SYSTEM32\cryptbase.dll
0x00007ffa29db0000 - 0x00007ffa29e10000 	C:\WINDOWS\System32\WINTRUST.DLL
0x00007ffa2aa60000 - 0x00007ffa2aa7d000 	C:\WINDOWS\System32\imagehlp.dll
0x00007ffa29110000 - 0x00007ffa29128000 	C:\WINDOWS\SYSTEM32\CRYPTSP.dll
0x00007ffa287d0000 - 0x00007ffa28804000 	C:\WINDOWS\system32\rsaenh.dll
0x00007ffa29d80000 - 0x00007ffa29da7000 	C:\WINDOWS\System32\bcrypt.dll
0x00007ff9c73b0000 - 0x00007ff9c8dcb000 	C:\WINDOWS\System32\DriverStore\FileRepository\nv_dispi.inf_amd64_1c83a5d7cffd7bff\nvd3dumx.dll
0x00007ffa0de10000 - 0x00007ffa0de52000 	C:\Users\Lukas\.openjfx\cache\17.0.1\glass.dll
0x00007ffa2bb60000 - 0x00007ffa2bc3a000 	C:\WINDOWS\System32\COMDLG32.dll
0x00007ffa2b4e0000 - 0x00007ffa2b60a000 	C:\WINDOWS\System32\ole32.dll
0x00007ffa2b850000 - 0x00007ffa2b91d000 	C:\WINDOWS\System32\OLEAUT32.dll
0x00007ffa2ace0000 - 0x00007ffa2adf5000 	C:\WINDOWS\System32\MSCTF.dll
0x00007ff9f4b80000 - 0x00007ff9f4e41000 	C:\WINDOWS\system32\nvspcap64.dll
0x00007ffa28460000 - 0x00007ffa28493000 	C:\WINDOWS\SYSTEM32\ntmarta.dll
0x00007ffa28030000 - 0x00007ffa28053000 	C:\WINDOWS\SYSTEM32\gpapi.dll
0x00007ffa21790000 - 0x00007ffa217cb000 	C:\WINDOWS\SYSTEM32\dxcore.dll
0x00007ffa2a020000 - 0x00007ffa2a06e000 	C:\WINDOWS\System32\cfgmgr32.dll
0x00007ffa29670000 - 0x00007ffa2969e000 	C:\WINDOWS\SYSTEM32\USERENV.dll
0x00007ffa28bc0000 - 0x00007ffa28bfb000 	C:\WINDOWS\SYSTEM32\IPHLPAPI.DLL
0x00007ffa2ae00000 - 0x00007ffa2ae08000 	C:\WINDOWS\System32\NSI.dll
0x00007ffa23b90000 - 0x00007ffa23ba7000 	C:\WINDOWS\SYSTEM32\dhcpcsvc6.DLL
0x00007ffa23ae0000 - 0x00007ffa23afd000 	C:\WINDOWS\SYSTEM32\dhcpcsvc.DLL
0x00007ffa28c00000 - 0x00007ffa28ccb000 	C:\WINDOWS\SYSTEM32\DNSAPI.dll
0x0000000061440000 - 0x000000006156b000 	C:\Users\Lukas\AppData\Local\Temp\Aparapi11856496511640056052\libgcc_s_seh-1.dll
0x000000006fc40000 - 0x00000000714f5000 	C:\Users\Lukas\AppData\Local\Temp\Aparapi6686451978363358858\libstdc++-6.dll
0x0000000064500000 - 0x0000000064945000 	C:\Users\Lukas\AppData\Local\Temp\Aparapi18419664653385940182\libaparapi.dll
0x00007ffa03a30000 - 0x00007ffa03aa1000 	C:\WINDOWS\SYSTEM32\OpenCL.dll
0x00007ff9b8f70000 - 0x00007ff9bb552000 	C:\WINDOWS\System32\DriverStore\FileRepository\nv_dispi.inf_amd64_1c83a5d7cffd7bff\nvopencl64.dll

dbghelp: loaded successfully - version: 4.0.5 - missing functions: none
symbol engine: initialized successfully - sym options: 0x614 - pdb path: .;C:\Users\Lukas\.jdks\openjdk-17.0.1\bin;C:\WINDOWS\SYSTEM32;C:\WINDOWS\WinSxS\amd64_microsoft.windows.common-controls_6595b64144ccf1df_6.0.19041.1110_none_60b5254171f9507e;C:\Users\Lukas\.jdks\openjdk-17.0.1\bin\server;C:\Program Files\JetBrains\IntelliJ IDEA 2019.3.4\bin;C:\Users\Lukas\.openjfx\cache\17.0.1;C:\WINDOWS\System32\DriverStore\FileRepository\nv_dispi.inf_amd64_1c83a5d7cffd7bff;C:\Users\Lukas\AppData\Local\Temp\Aparapi11856496511640056052;C:\Users\Lukas\AppData\Local\Temp\Aparapi6686451978363358858;C:\Users\Lukas\AppData\Local\Temp\Aparapi18419664653385940182

VM Arguments:
jvm_args: -javaagent:C:\Program Files\JetBrains\IntelliJ IDEA 2019.3.4\lib\idea_rt.jar=55845:C:\Program Files\JetBrains\IntelliJ IDEA 2019.3.4\bin -Dfile.encoding=UTF-8 --module-path=C:\Users\Lukas\.m2\repository\com\aparapi\aparapi\3.0.0\aparapi-3.0.0.jar;C:\Users\Lukas\.m2\repository\org\kordamp\bootstrapfx\bootstrapfx-core\0.4.0\bootstrapfx-core-0.4.0.jar;C:\Users\Lukas\IdeaProjects\KAO\target\classes;C:\Users\Lukas\.m2\repository\org\controlsfx\controlsfx\11.1.0\controlsfx-11.1.0.jar;C:\Users\Lukas\.m2\repository\org\openjfx\javafx-controls\17.0.1\javafx-controls-17.0.1-win.jar;C:\Users\Lukas\.m2\repository\org\openjfx\javafx-fxml\17.0.1\javafx-fxml-17.0.1-win.jar;C:\Users\Lukas\.m2\repository\org\openjfx\javafx-graphics\17.0.1\javafx-graphics-17.0.1-win.jar;C:\Users\Lukas\.m2\repository\com\dlsc\formsfx\formsfx-core\11.3.2\formsfx-core-11.3.2.jar;C:\Users\Lukas\.m2\repository\org\openjfx\javafx-base\17.0.1\javafx-base-17.0.1-win.jar -Djdk.module.main=kao.mandelbrot.kao 
java_command: kao.mandelbrot.kao/kao.rauschfilter.Rauschfilter
java_class_path (initial): C:\Users\Lukas\.m2\repository\org\jocl\jocl\2.0.4\jocl-2.0.4.jar;C:\Users\Lukas\.m2\repository\com\aparapi\aparapi-jni\1.4.3\aparapi-jni-1.4.3.jar;C:\Users\Lukas\.m2\repository\org\apache\bcel\bcel\6.5.0\bcel-6.5.0.jar;C:\Users\Lukas\.m2\repository\org\scala-lang\scala-library\2.13.6\scala-library-2.13.6.jar;C:\Users\Lukas\.m2\repository\org\openjfx\javafx-controls\17.0.1\javafx-controls-17.0.1.jar;C:\Users\Lukas\.m2\repository\org\openjfx\javafx-graphics\17.0.1\javafx-graphics-17.0.1.jar;C:\Users\Lukas\.m2\repository\org\openjfx\javafx-base\17.0.1\javafx-base-17.0.1.jar;C:\Users\Lukas\.m2\repository\org\openjfx\javafx-fxml\17.0.1\javafx-fxml-17.0.1.jar
Launcher Type: SUN_STANDARD

[Global flags]
     intx CICompilerCount                          = 4                                         {product} {ergonomic}
     uint ConcGCThreads                            = 3                                         {product} {ergonomic}
     uint G1ConcRefinementThreads                  = 10                                        {product} {ergonomic}
   size_t G1HeapRegionSize                         = 4194304                                   {product} {ergonomic}
    uintx GCDrainStackTargetSize                   = 64                                        {product} {ergonomic}
   size_t InitialHeapSize                          = 536870912                                 {product} {ergonomic}
   size_t MarkStackSize                            = 4194304                                   {product} {ergonomic}
   size_t MaxHeapSize                              = 8568963072                                {product} {ergonomic}
   size_t MaxNewSize                               = 5138022400                                {product} {ergonomic}
   size_t MinHeapDeltaBytes                        = 4194304                                   {product} {ergonomic}
   size_t MinHeapSize                              = 8388608                                   {product} {ergonomic}
    uintx NonNMethodCodeHeapSize                   = 5839372                                {pd product} {ergonomic}
    uintx NonProfiledCodeHeapSize                  = 122909434                              {pd product} {ergonomic}
    uintx ProfiledCodeHeapSize                     = 122909434                              {pd product} {ergonomic}
    uintx ReservedCodeCacheSize                    = 251658240                              {pd product} {ergonomic}
     bool SegmentedCodeCache                       = true                                      {product} {ergonomic}
   size_t SoftMaxHeapSize                          = 8568963072                             {manageable} {ergonomic}
     bool UseCompressedClassPointers               = true                           {product lp64_product} {ergonomic}
     bool UseCompressedOops                        = true                           {product lp64_product} {ergonomic}
     bool UseG1GC                                  = true                                      {product} {ergonomic}
     bool UseLargePagesIndividualAllocation        = false                                  {pd product} {ergonomic}

Logging:
Log output configuration:
 #0: stdout all=warning uptime,level,tags
 #1: stderr all=off uptime,level,tags

Environment Variables:
JAVA_HOME=C:\Program Files\JetBrains\IntelliJ IDEA 2019.3.4\jbr
PATH=C:\Python39\Scripts\;C:\Python39\;C:\Program Files (x86)\Common Files\Oracle\Java\javapath;C:\Windows\system32;C:\Windows;C:\Windows\System32\Wbem;C:\Windows\System32\WindowsPowerShell\v1.0\;C:\Windows\System32\OpenSSH\;C:\Program Files (x86)\NVIDIA Corporation\PhysX\Common;C:\Program Files\NVIDIA Corporation\NVIDIA NvDLISR;C:\Program Files\Git\cmd;C:\WINDOWS\system32;C:\WINDOWS;C:\WINDOWS\System32\Wbem;C:\WINDOWS\System32\WindowsPowerShell\v1.0\;C:\WINDOWS\System32\OpenSSH\;C:\Program Files\nodejs\;C:\ProgramData\chocolatey\bin;C:\Program Files\dotnet\;C:\Program Files\Microsoft SQL Server\130\Tools\Binn\;C:\Program Files\Microsoft SQL Server\Client SDK\ODBC\170\Tools\Binn\;C:\Program Files\Git\mingw64\bin\;C:\Program Files\gnuplot\bin;C:\Users\Lukas\AppData\Local\Microsoft\WindowsApps;C:\Program Files\JetBrains\IntelliJ IDEA 2019.3.4\jbr;C:\Program Files\JetBrains\IntelliJ IDEA 2019.3.4\bin;;C:\Users\Lukas\AppData\Local\Programs\MiKTeX 2.9\miktex\bin\x64\;C:\Users\Lukas\AppData\Local\Programs\Microsoft VS Code\bin;C:\Users\Lukas\AppData\Roaming\npm;C:\Users\Lukas\.dotnet\tools;C:\Program Files\JetBrains\CLion 2021.2.3\bin;;
USERNAME=Lukas
OS=Windows_NT
PROCESSOR_IDENTIFIER=Intel64 Family 6 Model 158 Stepping 10, GenuineIntel



---------------  S Y S T E M  ---------------

OS:
 Windows 10 , 64 bit Build 19041 (10.0.19041.1348)
OS uptime: 0 days 22:36 hours

CPU: total 12 (initial active 12) (6 cores per cpu, 2 threads per core) family 6 model 158 stepping 10 microcode 0xb4, cx8, cmov, fxsr, ht, mmx, 3dnowpref, sse, sse2, sse3, ssse3, sse4.1, sse4.2, popcnt, lzcnt, tsc, tscinvbit, avx, avx2, aes, erms, clmul, bmi1, bmi2, rtm, adx, fma, vzeroupper, clflush, clflushopt

Memory: 4k page, system-wide physical 32687M (24108M free)
TotalPageFile size 37551M (AvailPageFile size 26136M)
current process WorkingSet (physical memory assigned to process): 178M, peak: 183M
current process commit charge ("private bytes"): 874M, peak: 874M

vm_info: OpenJDK 64-Bit Server VM (17.0.1+12-39) for windows-amd64 JRE (17.0.1+12-39), built on Sep 27 2021 18:39:29 by "mach5one" with MS VC++ 16.8 (VS2019)

END.
